2010-02-21 14:24:41 Debug: Notice (1024): Please change the value of 'Security.salt' in app/config/core.php to a salt value specific to your application in [CORE\cake\libs\debugger.php, line 549]
2010-02-22 07:54:06 Debug: Notice (8): Undefined index: agree in [APP\controllers\users_controller.php, line 36]
2010-02-22 08:09:29 Debug: Notice (8): Undefined variable: error in [APP\controllers\users_controller.php, line 39]
2010-02-22 08:09:58 Debug: Notice (8): Undefined variable: tmp in [APP\controllers\app_controller.php, line 19]
2010-02-22 08:10:07 Debug: Notice (8): Undefined variable: tmp in [APP\controllers\app_controller.php, line 19]
2010-02-22 08:10:27 Debug: Notice (8): Undefined variable: tmp in [APP\controllers\app_controller.php, line 19]
2010-02-22 08:10:34 Debug: Notice (8): Undefined variable: tmp in [APP\controllers\app_controller.php, line 19]
2010-02-22 08:10:40 Debug: Notice (8): Undefined variable: tmp in [APP\controllers\app_controller.php, line 19]
2010-02-22 08:10:41 Debug: Notice (8): Undefined variable: tmp in [APP\controllers\app_controller.php, line 19]
2010-02-22 08:10:42 Debug: Notice (8): Undefined variable: tmp in [APP\controllers\app_controller.php, line 19]
2010-02-22 08:10:43 Debug: Notice (8): Undefined variable: tmp in [APP\controllers\app_controller.php, line 19]
2010-02-22 08:10:44 Debug: Notice (8): Undefined variable: tmp in [APP\controllers\app_controller.php, line 19]
2010-02-22 08:10:45 Debug: Notice (8): Undefined variable: tmp in [APP\controllers\app_controller.php, line 19]
2010-02-22 08:10:46 Debug: Notice (8): Undefined variable: tmp in [APP\controllers\app_controller.php, line 19]
2010-02-22 08:10:47 Debug: Notice (8): Undefined variable: tmp in [APP\controllers\app_controller.php, line 19]
2010-02-22 08:10:48 Debug: Notice (8): Undefined variable: tmp in [APP\controllers\app_controller.php, line 19]
2010-02-22 08:10:49 Debug: Notice (8): Undefined variable: tmp in [APP\controllers\app_controller.php, line 19]
2010-02-22 08:10:50 Debug: Notice (8): Undefined variable: tmp in [APP\controllers\app_controller.php, line 19]
2010-02-22 08:19:43 Debug: Notice (8): Undefined variable: tmp in [APP\controllers\app_controller.php, line 19]
2010-02-22 08:20:48 Debug: Notice (8): Undefined variable: tmp in [APP\controllers\app_controller.php, line 19]
2010-02-22 08:23:03 Debug: Notice (8): Undefined variable: tmp in [APP\controllers\app_controller.php, line 19]
2010-02-22 08:23:24 Debug: Notice (8): Undefined variable: tmp in [APP\controllers\app_controller.php, line 19]
2010-02-22 08:23:35 Debug: Notice (8): Undefined variable: tmp in [APP\controllers\app_controller.php, line 19]
2010-02-22 08:32:42 Debug: Notice (8): Undefined variable: tmp in [APP\controllers\app_controller.php, line 19]
2010-02-22 08:32:43 Debug: Notice (8): Undefined variable: tmp in [APP\controllers\app_controller.php, line 19]
2010-02-22 08:34:32 Debug: Notice (8): Undefined variable: tmp in [APP\controllers\app_controller.php, line 19]
2010-02-22 08:46:17 Debug: Notice (8): Undefined variable: error in [APP\controllers\users_controller.php, line 64]
2010-02-22 08:50:43 Debug: Notice (8): Undefined variable: error in [APP\controllers\users_controller.php, line 67]
2010-02-22 09:01:58 Debug: Notice (8): Undefined variable: error in [APP\controllers\users_controller.php, line 87]
2010-02-22 12:13:53 Debug: Notice (8): Undefined variable: id in [APP\controllers\users_controller.php, line 41]
2010-02-22 12:13:53 Debug: Notice (8): Undefined variable: domain in [APP\controllers\users_controller.php, line 43]
2010-02-22 12:34:09 Debug: Notice (8): Undefined variable: domain_id in [APP\views\users\view.ctp, line 2]
2010-02-22 13:02:27 Debug: Notice (8): Undefined index: Domain in [APP\controllers\users_controller.php, line 43]
2010-02-22 13:03:38 Debug: Notice (8): Undefined variable: plan in [APP\views\users\view.ctp, line 3]
2010-02-22 13:03:38 Debug: Notice (8): Undefined variable: plan in [APP\views\users\view.ctp, line 14]
2010-02-22 13:26:59 Debug: Notice (8): Undefined index: InventoryImage in [APP\controllers\plans_controller.php, line 19]
2010-02-22 13:27:09 Debug: Notice (8): Undefined index: InventoryImage in [APP\controllers\plans_controller.php, line 19]
2010-02-22 13:27:09 Debug: Notice (8): Undefined index: InventoryImage in [APP\controllers\plans_controller.php, line 19]
2010-02-22 13:27:09 Debug: Notice (8): Undefined index: InventoryImage in [APP\controllers\plans_controller.php, line 19]
2010-02-22 13:27:09 Debug: Notice (8): Undefined index: InventoryImage in [APP\controllers\plans_controller.php, line 19]
2010-02-22 13:36:03 Debug: Notice (8): Array to string conversion in [CORE\cake\libs\model\datasources\dbo_source.php, line 584]
2010-02-22 13:52:54 Debug: Notice (8): Undefined index: InventoryImage in [APP\controllers\plans_controller.php, line 19]
2010-02-22 13:52:54 Debug: Notice (8): Undefined index: InventoryImage in [APP\controllers\plans_controller.php, line 19]
2010-02-22 13:53:13 Debug: Notice (8): Undefined index: InventoryImage in [APP\controllers\plans_controller.php, line 19]
2010-02-22 13:55:20 Debug: Notice (8): Undefined index: InventoryImage in [APP\controllers\plans_controller.php, line 19]
2010-02-22 13:55:52 Debug: Notice (8): Undefined index: InventoryImage in [APP\controllers\plans_controller.php, line 19]
2010-02-22 13:55:53 Debug: Notice (8): Undefined index: InventoryImage in [APP\controllers\plans_controller.php, line 19]
2010-02-22 13:55:53 Debug: Notice (8): Undefined index: InventoryImage in [APP\controllers\plans_controller.php, line 19]
2010-02-22 13:55:53 Debug: Notice (8): Undefined index: InventoryImage in [APP\controllers\plans_controller.php, line 19]
2010-02-22 13:57:29 Debug: Notice (8): Undefined index: data in [APP\controllers\plans_controller.php, line 19]
2010-02-22 13:57:29 Debug: Notice (8): Undefined index: data in [APP\controllers\plans_controller.php, line 19]
2010-02-22 13:57:30 Debug: Notice (8): Undefined index: data in [APP\controllers\plans_controller.php, line 19]
2010-02-22 13:57:30 Debug: Notice (8): Undefined index: data in [APP\controllers\plans_controller.php, line 19]
2010-02-22 13:57:34 Debug: Notice (8): Undefined index: data in [APP\controllers\plans_controller.php, line 19]
2010-02-22 14:40:20 Debug: Notice (8): Undefined property: UsersController::$Domain in [APP\controllers\users_controller.php, line 87]
2010-02-22 14:55:36 Debug: Notice (8): Undefined index: Domain in [APP\controllers\users_controller.php, line 91]
2010-02-22 14:55:39 Debug: Notice (8): Undefined index: Domain in [APP\controllers\users_controller.php, line 91]
2010-02-22 14:55:57 Debug: Notice (8): Undefined index: Domain in [APP\controllers\users_controller.php, line 91]
2010-02-22 14:56:24 Debug: Notice (8): Undefined index: Domain in [APP\controllers\users_controller.php, line 91]
2010-02-22 14:56:26 Debug: Notice (8): Undefined index: Domain in [APP\controllers\users_controller.php, line 91]
2010-02-22 14:57:20 Debug: Notice (8): Undefined index: Domain in [APP\controllers\users_controller.php, line 91]
2010-02-22 14:58:36 Debug: Notice (8): Undefined index: Domain in [APP\controllers\users_controller.php, line 91]
2010-02-23 09:07:15 Debug: Notice (8): Undefined variable: response in [APP\vendors\httprequest.php, line 68]
2010-02-23 09:12:57 Debug: Notice (8): Undefined variable: response in [APP\vendors\httprequest.php, line 68]
2010-02-23 09:15:10 Debug: Notice (8): Undefined variable: response in [APP\vendors\httprequest.php, line 68]
2010-02-23 09:15:36 Debug: Notice (8): Undefined variable: response in [APP\vendors\httprequest.php, line 68]
2010-02-23 09:21:04 Debug: Notice (8): Undefined variable: response in [APP\vendors\httprequest.php, line 68]
2010-02-23 12:51:31 Debug: Notice (8): Uninitialized string offset: 8 in [APP\vendors\aes128.php, line 677]
2010-02-23 12:51:32 Debug: Notice (8): Uninitialized string offset: 9 in [APP\vendors\aes128.php, line 677]
2010-02-23 12:51:32 Debug: Notice (8): Uninitialized string offset: 10 in [APP\vendors\aes128.php, line 677]
2010-02-23 12:51:32 Debug: Notice (8): Uninitialized string offset: 11 in [APP\vendors\aes128.php, line 677]
2010-02-23 12:51:32 Debug: Notice (8): Uninitialized string offset: 12 in [APP\vendors\aes128.php, line 677]
2010-02-23 12:51:32 Debug: Notice (8): Uninitialized string offset: 13 in [APP\vendors\aes128.php, line 677]
2010-02-23 12:51:32 Debug: Notice (8): Uninitialized string offset: 14 in [APP\vendors\aes128.php, line 677]
2010-02-23 12:51:32 Debug: Notice (8): Uninitialized string offset: 15 in [APP\vendors\aes128.php, line 677]
2010-02-23 12:52:39 Debug: Notice (8): Uninitialized string offset: 8 in [APP\vendors\aes128.php, line 677]
2010-02-23 12:52:39 Debug: Notice (8): Uninitialized string offset: 9 in [APP\vendors\aes128.php, line 677]
2010-02-23 12:52:39 Debug: Notice (8): Uninitialized string offset: 10 in [APP\vendors\aes128.php, line 677]
2010-02-23 12:52:39 Debug: Notice (8): Uninitialized string offset: 11 in [APP\vendors\aes128.php, line 677]
2010-02-23 12:52:39 Debug: Notice (8): Uninitialized string offset: 12 in [APP\vendors\aes128.php, line 677]
2010-02-23 12:52:39 Debug: Notice (8): Uninitialized string offset: 13 in [APP\vendors\aes128.php, line 677]
2010-02-23 12:52:39 Debug: Notice (8): Uninitialized string offset: 14 in [APP\vendors\aes128.php, line 677]
2010-02-23 12:52:39 Debug: Notice (8): Uninitialized string offset: 15 in [APP\vendors\aes128.php, line 677]
2010-02-23 12:54:16 Debug: Notice (8): Undefined offset: 1 in [APP\controllers\users_controller.php, line 64]
2010-02-23 12:57:00 Debug: Notice (8): Undefined variable: data in [APP\controllers\users_controller.php, line 37]
2010-02-23 12:57:25 Debug: Notice (8): Undefined variable: data in [APP\controllers\users_controller.php, line 37]
2010-02-23 12:57:27 Debug: Notice (8): Undefined variable: data in [APP\controllers\users_controller.php, line 37]
2010-02-23 12:57:29 Debug: Notice (8): Undefined variable: data in [APP\controllers\users_controller.php, line 37]
2010-02-23 12:58:34 Debug: Notice (8): Undefined variable: data in [APP\controllers\users_controller.php, line 37]
2010-02-23 13:18:25 Debug: Notice (8): Undefined index: Domain in [APP\controllers\users_controller.php, line 58]
2010-02-23 13:18:25 Debug: Notice (8): Undefined index: Domain in [APP\controllers\users_controller.php, line 61]
2010-02-23 13:18:25 Debug: Notice (8): Undefined index: Domain in [APP\controllers\users_controller.php, line 71]
2010-02-23 13:20:43 Debug: Notice (8): Undefined variable: response in [APP\vendors\httprequest.php, line 68]
2010-02-23 13:46:23 Debug: Notice (8): Undefined variable: domain_name in [APP\controllers\app_controller.php, line 50]
2010-02-23 13:46:23 Debug: Notice (8): Undefined variable: id in [APP\controllers\app_controller.php, line 50]
2010-02-23 13:49:06 Debug: Notice (8): Undefined index: 0 in [APP\controllers\users_controller.php, line 93]
2010-02-23 13:49:06 Debug: Notice (8): Undefined index: 0 in [APP\controllers\users_controller.php, line 99]
2010-02-23 13:49:32 Debug: Notice (8): Undefined index: 0 in [APP\controllers\users_controller.php, line 93]
2010-02-23 13:49:32 Debug: Notice (8): Undefined index: 0 in [APP\controllers\users_controller.php, line 99]
2010-02-23 14:01:45 Debug: Notice (8): Undefined variable: tihs in [APP\controllers\messages_controller.php, line 30]
2010-02-23 14:02:01 Debug: Notice (8): Undefined variable: tihs in [APP\controllers\messages_controller.php, line 30]
2010-02-23 14:02:56 Debug: Notice (8): Undefined property: MessagesController::$Log in [APP\controllers\messages_controller.php, line 28]
2010-02-23 15:25:47 Debug: Notice (8): Undefined index: to in [APP\controllers\messages_controller.php, line 16]
2010-02-23 15:26:05 Debug: Notice (8): Undefined index: to in [APP\controllers\messages_controller.php, line 16]
2010-02-23 15:26:17 Debug: Notice (8): Undefined index: to in [APP\controllers\messages_controller.php, line 16]
2010-02-23 15:27:04 Debug: Notice (8): Undefined index: to in [APP\controllers\messages_controller.php, line 16]
2010-02-23 15:27:24 Debug: Notice (8): Undefined index: to in [APP\controllers\messages_controller.php, line 16]
2010-02-23 15:27:43 Debug: Notice (8): Undefined index: to in [APP\controllers\messages_controller.php, line 16]
2010-02-23 15:27:49 Debug: Notice (8): Undefined index: to in [APP\controllers\messages_controller.php, line 16]
2010-02-23 15:45:22 Debug: Notice (8): Undefined variable: response in [APP\vendors\httprequest.php, line 68]
2010-02-25 06:46:14 Debug: Notice (8): Undefined index: 1 in [APP\views\users\view.ctp, line 35]
2010-02-25 06:46:40 Debug: Notice (8): Undefined index: 1 in [APP\views\users\view.ctp, line 35]
2010-02-25 06:46:51 Debug: Notice (8): Undefined index: 1 in [APP\views\users\view.ctp, line 35]
2010-02-25 06:47:58 Debug: Notice (8): Undefined index: 1 in [APP\views\users\view.ctp, line 35]
2010-02-25 06:48:31 Debug: Notice (8): Undefined index: 1 in [APP\views\users\view.ctp, line 35]
2010-02-25 06:48:53 Debug: Notice (8): Undefined index: 1 in [APP\views\users\view.ctp, line 35]
2010-02-25 15:00:57 Debug: Notice (8): Undefined property: DomainsController::$ValidNumber in [APP\controllers\domains_controller.php, line 3582]
2010-02-25 15:41:33 Debug: Notice (8): Undefined property: UsersController::$ValidNumber in [APP\controllers\app_controller.php, line 89]
2010-02-25 15:55:31 Debug: Notice (8): Undefined property: MessagesController::$ValidNumber in [APP\controllers\app_controller.php, line 89]
2010-02-25 20:29:48 Debug: Notice (8): Undefined variable: error in [APP\views\users\registration.ctp, line 6]
2010-02-25 20:30:38 Debug: Notice (8): Undefined variable: error in [APP\views\users\registration.ctp, line 6]
2010-02-25 20:36:56 Debug: Notice (8): Undefined variable: error in [APP\views\users\registration.ctp, line 6]
2010-02-25 20:37:08 Debug: Notice (8): Undefined variable: error in [APP\views\users\registration.ctp, line 6]
2010-02-25 20:37:12 Debug: Notice (8): Undefined variable: error in [APP\views\users\registration.ctp, line 6]
2010-02-25 20:55:29 Debug: Notice (8): Undefined variable: html in [APP\controllers\users_controller.php, line 273]
2010-02-25 20:56:55 Debug: Notice (8): Undefined variable: html in [APP\controllers\users_controller.php, line 273]
2010-02-25 20:57:23 Debug: Notice (8): Undefined variable: html in [APP\controllers\users_controller.php, line 273]
2010-02-25 20:58:11 Debug: Notice (8): Undefined variable: html in [APP\controllers\users_controller.php, line 273]
2010-02-25 21:02:58 Debug: Notice (8): Undefined index: agree in [APP\controllers\users_controller.php, line 277]
2010-02-25 21:07:48 Debug: Notice (8): Undefined index: agree in [APP\controllers\users_controller.php, line 277]
2010-02-25 21:13:51 Debug: Notice (8): Undefined offset: 2 in [APP\controllers\app_controller.php, line 141]
2010-02-25 21:13:51 Debug: Notice (8): Undefined offset: 1 in [APP\controllers\app_controller.php, line 142]
2010-02-25 21:13:51 Debug: Notice (8): Undefined offset: 2 in [APP\controllers\app_controller.php, line 154]
2010-02-25 21:15:31 Debug: Notice (8): Undefined offset: 2 in [APP\controllers\app_controller.php, line 141]
2010-02-25 21:15:31 Debug: Notice (8): Undefined offset: 1 in [APP\controllers\app_controller.php, line 142]
2010-02-25 21:15:31 Debug: Notice (8): Undefined offset: 2 in [APP\controllers\app_controller.php, line 154]
2010-02-25 21:16:19 Debug: Notice (8): Undefined offset: 2 in [APP\controllers\app_controller.php, line 139]
2010-02-25 21:16:19 Debug: Notice (8): Undefined offset: 1 in [APP\controllers\app_controller.php, line 139]
2010-02-25 21:16:19 Debug: Notice (8): Undefined offset: 2 in [APP\controllers\app_controller.php, line 141]
2010-02-25 21:16:19 Debug: Notice (8): Undefined offset: 1 in [APP\controllers\app_controller.php, line 142]
2010-02-25 21:16:19 Debug: Notice (8): Undefined offset: 2 in [APP\controllers\app_controller.php, line 154]
2010-02-25 21:17:09 Debug: Notice (8): Undefined offset: 2 in [APP\controllers\app_controller.php, line 141]
2010-02-25 21:17:09 Debug: Notice (8): Undefined offset: 1 in [APP\controllers\app_controller.php, line 141]
2010-02-25 21:25:26 Debug: Notice (8): Undefined variable: response in [APP\vendors\httprequest.php, line 68]
2010-02-25 21:25:44 Debug: Notice (8): Undefined variable: response in [APP\vendors\httprequest.php, line 68]
2010-02-25 21:26:03 Debug: Notice (8): Undefined variable: response in [APP\vendors\httprequest.php, line 68]
2010-02-25 21:28:03 Debug: Notice (8): Undefined variable: response in [APP\vendors\httprequest.php, line 68]
2010-02-25 21:30:54 Debug: Notice (8): Undefined variable: response in [APP\vendors\httprequest.php, line 68]
2010-02-25 21:34:27 Debug: Notice (8): Undefined variable: response in [APP\vendors\httprequest.php, line 68]
2010-02-25 21:43:19 Debug: Notice (8): Undefined index: agree in [APP\controllers\users_controller.php, line 277]
2010-02-26 12:52:35 Debug: Notice (8): Undefined variable: recaptcha in [APP\views\users\registration.ctp, line 35]
2010-02-26 15:57:41 Debug: Notice (8): Use of undefined constant S1SERVER - assumed 'S1SERVER' in [APP\views\users\view.ctp, line 26]
2010-02-26 15:57:41 Debug: Notice (8): Use of undefined constant S2SERVER - assumed 'S2SERVER' in [APP\views\users\view.ctp, line 27]
2010-02-26 16:31:23 Debug: Notice (8): Undefined variable: url in [APP\controllers\users_controller.php, line 139]
2010-02-26 16:31:23 Debug: Notice (8): Undefined variable: plan_sms in [APP\controllers\users_controller.php, line 144]
2010-02-26 16:32:21 Debug: Notice (8): Undefined variable: url in [APP\controllers\users_controller.php, line 139]
2010-02-26 16:32:21 Debug: Notice (8): Undefined variable: plan_sms in [APP\controllers\users_controller.php, line 144]
2010-02-26 16:32:21 Debug: Notice (8): Undefined index: server in [APP\controllers\users_controller.php, line 145]
2010-02-26 16:32:29 Debug: Notice (8): Undefined variable: url in [APP\controllers\users_controller.php, line 139]
2010-02-26 16:32:29 Debug: Notice (8): Undefined variable: plan_sms in [APP\controllers\users_controller.php, line 144]
2010-02-26 16:32:29 Debug: Notice (8): Undefined index: server in [APP\controllers\users_controller.php, line 145]
2010-02-26 16:46:48 Debug: Notice (8): Undefined index: secret in [APP\controllers\app_controller.php, line 57]
2010-02-26 17:35:06 Debug: Notice (8): Undefined variable: name in [APP\views\feedbacks\add.ctp, line 12]
2010-02-26 17:35:06 Debug: Notice (8): Undefined variable: email in [APP\views\feedbacks\add.ctp, line 16]
2010-02-26 17:35:06 Debug: Notice (8): Undefined variable: feedback in [APP\views\feedbacks\add.ctp, line 20]
2010-02-26 18:02:12 Debug: Notice (8): Undefined variable: name in [APP\views\feedbacks\add.ctp, line 17]
2010-02-26 18:02:13 Debug: Notice (8): Undefined variable: email in [APP\views\feedbacks\add.ctp, line 21]
2010-02-26 18:02:13 Debug: Notice (8): Undefined variable: feedback in [APP\views\feedbacks\add.ctp, line 25]
2010-02-26 18:02:13 Debug: Notice (8): Undefined variable: recaptcha in [APP\views\feedbacks\add.ctp, line 29]
2010-02-26 18:03:31 Debug: Notice (8): Undefined variable: recaptcha in [APP\views\feedbacks\add.ctp, line 29]
2010-02-26 18:04:15 Debug: Notice (8): Undefined variable: recaptcha in [APP\views\feedbacks\add.ctp, line 31]
2010-02-26 20:40:51 Debug: Notice (8): Undefined index: recaptcha_challenge_field in [APP\controllers\users_controller.php, line 278]
2010-02-26 20:40:51 Debug: Notice (8): Undefined index: recaptcha_response_field in [APP\controllers\users_controller.php, line 279]
2010-02-26 21:44:53 Debug: Notice (8): Undefined variable: secret_key in [APP\views\users\help.ctp, line 32]
2010-02-26 21:44:53 Debug: Notice (8): Undefined variable: server in [APP\views\users\help.ctp, line 34]
2010-02-26 21:44:53 Debug: Notice (8): Undefined variable: secret_key in [APP\views\users\help.ctp, line 34]
2010-02-26 22:25:53 Debug: Notice (8): Undefined variable: response in [APP\vendors\httprequest.php, line 68]
2010-02-26 22:38:01 Debug: Notice (8): Undefined variable: response in [APP\vendors\httprequest.php, line 68]
2010-02-26 22:38:39 Debug: Notice (8): Undefined variable: response in [APP\vendors\httprequest.php, line 68]
2010-02-26 22:39:12 Debug: Notice (8): Undefined variable: response in [APP\vendors\httprequest.php, line 68]
2010-02-26 22:49:38 Debug: Notice (8): Undefined variable: tab in [APP\views\elements\innerheader.ctp, line 6]
2010-02-26 22:49:38 Debug: Notice (8): Undefined variable: tab in [APP\views\elements\innerheader.ctp, line 7]
2010-02-26 22:49:38 Debug: Notice (8): Undefined variable: tab in [APP\views\elements\innerheader.ctp, line 8]
2010-02-26 22:58:44 Debug: Notice (8): Undefined variable: tab in [APP\views\elements\header.ctp, line 6]
2010-02-26 22:58:44 Debug: Notice (8): Undefined variable: tab in [APP\views\elements\header.ctp, line 7]
2010-02-26 22:58:44 Debug: Notice (8): Undefined variable: tab in [APP\views\elements\header.ctp, line 8]
2010-02-26 22:58:44 Debug: Notice (8): Undefined variable: tab in [APP\views\elements\header.ctp, line 9]
2010-02-26 22:58:44 Debug: Notice (8): Undefined variable: tab in [APP\views\elements\header.ctp, line 10]
2010-02-26 22:58:49 Debug: Notice (8): Undefined variable: tab in [APP\views\elements\header.ctp, line 6]
2010-02-26 22:58:49 Debug: Notice (8): Undefined variable: tab in [APP\views\elements\header.ctp, line 7]
2010-02-26 22:58:49 Debug: Notice (8): Undefined variable: tab in [APP\views\elements\header.ctp, line 8]
2010-02-26 22:58:49 Debug: Notice (8): Undefined variable: tab in [APP\views\elements\header.ctp, line 9]
2010-02-26 22:58:49 Debug: Notice (8): Undefined variable: tab in [APP\views\elements\header.ctp, line 10]
2010-02-26 22:59:23 Debug: Notice (8): Undefined variable: tab in [APP\views\elements\header.ctp, line 6]
2010-02-26 22:59:23 Debug: Notice (8): Undefined variable: tab in [APP\views\elements\header.ctp, line 7]
2010-02-26 22:59:23 Debug: Notice (8): Undefined variable: tab in [APP\views\elements\header.ctp, line 8]
2010-02-26 22:59:23 Debug: Notice (8): Undefined variable: tab in [APP\views\elements\header.ctp, line 9]
2010-02-26 22:59:23 Debug: Notice (8): Undefined variable: tab in [APP\views\elements\header.ctp, line 10]
2010-02-26 22:59:35 Debug: Notice (8): Undefined variable: tab in [APP\views\elements\header.ctp, line 6]
2010-02-26 22:59:35 Debug: Notice (8): Undefined variable: tab in [APP\views\elements\header.ctp, line 7]
2010-02-26 22:59:35 Debug: Notice (8): Undefined variable: tab in [APP\views\elements\header.ctp, line 8]
2010-02-26 22:59:35 Debug: Notice (8): Undefined variable: tab in [APP\views\elements\header.ctp, line 9]
2010-02-26 22:59:35 Debug: Notice (8): Undefined variable: tab in [APP\views\elements\header.ctp, line 10]
2010-02-26 22:59:45 Debug: Notice (8): Undefined variable: tab in [APP\views\elements\header.ctp, line 6]
2010-02-26 22:59:45 Debug: Notice (8): Undefined variable: tab in [APP\views\elements\header.ctp, line 7]
2010-02-26 22:59:45 Debug: Notice (8): Undefined variable: tab in [APP\views\elements\header.ctp, line 8]
2010-02-26 22:59:45 Debug: Notice (8): Undefined variable: tab in [APP\views\elements\header.ctp, line 9]
2010-02-26 22:59:45 Debug: Notice (8): Undefined variable: tab in [APP\views\elements\header.ctp, line 10]
2010-02-26 23:00:23 Debug: Notice (8): Undefined variable: tab in [APP\views\elements\header.ctp, line 6]
2010-02-26 23:00:23 Debug: Notice (8): Undefined variable: tab in [APP\views\elements\header.ctp, line 7]
2010-02-26 23:00:23 Debug: Notice (8): Undefined variable: tab in [APP\views\elements\header.ctp, line 8]
2010-02-26 23:00:23 Debug: Notice (8): Undefined variable: tab in [APP\views\elements\header.ctp, line 9]
2010-02-26 23:00:23 Debug: Notice (8): Undefined variable: tab in [APP\views\elements\header.ctp, line 10]
2010-02-28 15:56:32 Debug: Notice (8): Undefined variable: response in [APP\vendors\httprequest.php, line 68]
2010-02-28 15:57:24 Debug: Notice (8): Undefined variable: response in [APP\vendors\httprequest.php, line 68]
2010-02-28 15:58:08 Debug: Notice (8): Undefined variable: response in [APP\vendors\httprequest.php, line 68]
2010-02-28 16:00:30 Debug: Notice (8): Undefined variable: response in [APP\vendors\httprequest.php, line 69]
2010-02-28 18:33:39 Debug: Notice (8): Undefined index: sender in [APP\controllers\messages_controller.php, line 17]
2010-03-01 11:36:01 Debug: Notice (8): Undefined variable: feedback in [APP\views\feedbacks\add.ctp, line 22]
2010-03-01 11:55:40 Debug: Notice (8): Undefined variable: feedbackText in [APP\views\feedbacks\add.ctp, line 60]
2010-03-01 11:57:45 Debug: Notice (8): Undefined property: UsersController::$Feedback in [APP\controllers\app_controller.php, line 54]
2010-03-01 12:09:11 Debug: Notice (8): Undefined variable: feedback in [APP\views\users\registration.ctp, line 22]
2010-03-01 12:09:11 Debug: Notice (8): Undefined variable: feedback in [APP\views\elements\feedback.ctp, line 3]
2010-03-02 16:57:32 Notice: Notice (8): Undefined index:  recaptcha_challenge_field in [APP/controllers/feedbacks_controller.php, line 37]
2010-03-02 16:57:32 Notice: Notice (8): Undefined index:  recaptcha_response_field in [APP/controllers/feedbacks_controller.php, line 38]
2010-03-02 18:18:22 Notice: Notice (8): Undefined variable: tab in [APP/views/users/forgotpassword.ctp, line 7]
2010-03-02 18:18:22 Notice: Notice (8): Undefined variable: tab in [APP/views/elements/innerheader.ctp, line 6]
2010-03-02 18:18:22 Notice: Notice (8): Undefined variable: tab in [APP/views/elements/innerheader.ctp, line 7]
2010-03-02 18:18:22 Notice: Notice (8): Undefined variable: tab in [APP/views/elements/innerheader.ctp, line 8]
2010-03-02 19:16:39 Notice: Notice (8): Undefined variable: tab in [APP/views/elements/header.ctp, line 7]
2010-03-02 19:16:39 Notice: Notice (8): Undefined variable: tab in [APP/views/elements/header.ctp, line 8]
2010-03-02 19:16:39 Notice: Notice (8): Undefined variable: tab in [APP/views/elements/header.ctp, line 9]
2010-03-02 19:16:39 Notice: Notice (8): Undefined variable: tab in [APP/views/elements/header.ctp, line 10]
2010-03-05 12:06:16 Notice: Notice (8): Undefined index:  messege in [APP/controllers/messages_controller.php, line 15]
2010-03-05 12:06:57 Notice: Notice (8): Undefined index:  remote_addr in [APP/controllers/messages_controller.php, line 41]
2010-03-12 20:22:11 Notice: Notice (8): Undefined variable: tab in [APP/views/advertisers/registration.ctp, line 7]
2010-03-12 20:22:12 Notice: Notice (8): Undefined variable: feedback in [APP/views/advertisers/registration.ctp, line 22]
2010-03-12 20:22:12 Notice: Notice (8): Undefined variable: feedback in [APP/views/elements/feedback.ctp, line 3]
2010-03-12 20:39:57 Notice: Notice (8): Undefined property: AdvertisersController::$ValidNumber in [APP/controllers/app_controller.php, line 109]
2010-03-12 20:43:21 Notice: Notice (8): Undefined index:  UserTmp in [APP/controllers/advertisers_controller.php, line 43]
2010-03-12 20:55:03 Notice: Notice (8): Undefined property: AdvertisersController::$UserTmp in [APP/controllers/advertisers_controller.php, line 53]
2010-03-12 21:01:08 Notice: Notice (8): Undefined variable: mobile in [APP/controllers/advertisers_controller.php, line 82]
2010-03-12 21:16:44 Notice: Notice (8): Undefined variable: error in [APP/controllers/advertisers_controller.php, line 109]
2010-03-12 21:17:29 Notice: Notice (8): Undefined variable: feedback in [APP/views/advertisers/registrationcompletesave.ctp, line 22]
2010-03-12 21:17:29 Notice: Notice (8): Undefined variable: feedback in [APP/views/elements/feedback.ctp, line 3]
2010-03-12 21:17:59 Notice: Notice (8): Undefined variable: feedback in [APP/views/advertisers/registrationcompletesave.ctp, line 22]
2010-03-12 21:17:59 Notice: Notice (8): Undefined variable: feedback in [APP/views/elements/feedback.ctp, line 3]
2010-03-12 21:18:42 Notice: Notice (8): Undefined variable: feedback in [APP/views/advertisers/registrationcompletesave.ctp, line 22]
2010-03-12 21:18:42 Notice: Notice (8): Undefined variable: feedback in [APP/views/elements/feedback.ctp, line 3]
2010-03-12 21:23:39 Notice: Notice (8): Undefined variable: secret_key in [APP/views/advertisers/registrationcomplete.ctp, line 60]
2010-03-12 21:23:39 Notice: Notice (8): Undefined variable: message in [APP/views/advertisers/registrationcomplete.ctp, line 64]
2010-03-12 21:24:09 Notice: Notice (8): Undefined variable: message in [APP/views/advertisers/registrationcomplete.ctp, line 64]
2010-03-12 21:26:03 Notice: Notice (8): Undefined variable: feedback in [APP/views/advertisers/registrationcompletesave.ctp, line 22]
2010-03-12 21:26:03 Notice: Notice (8): Undefined variable: feedback in [APP/views/elements/feedback.ctp, line 3]
2010-03-22 14:18:24 Notice: Notice (8): Undefined index:  recaptcha_challenge_field in [APP/controllers/advertisers_controller.php, line 36]
2010-03-22 14:18:24 Notice: Notice (8): Undefined index:  recaptcha_response_field in [APP/controllers/advertisers_controller.php, line 37]
2010-03-22 14:49:19 Notice: Notice (8): Undefined index:  recaptcha_challenge_field in [APP/controllers/users_controller.php, line 362]
2010-03-22 14:49:19 Notice: Notice (8): Undefined index:  recaptcha_response_field in [APP/controllers/users_controller.php, line 363]
2010-03-22 18:25:51 Notice: Notice (8): Undefined variable: message in [APP/controllers/users_controller.php, line 452]
2010-03-22 18:59:11 Notice: Notice (8): Undefined offset:  1 in [APP/vendors/recaptchalib.php, line 181]
2010-03-22 18:59:11 Notice: Notice (8): Undefined offset:  1 in [APP/vendors/recaptchalib.php, line 189]
2010-03-30 11:45:57 Notice: Notice (8): Undefined variable: tab in [APP/views/users/login.ctp, line 7]
2010-03-30 11:45:57 Notice: Notice (8): Undefined variable: feedback in [APP/views/users/login.ctp, line 22]
2010-03-30 11:45:57 Notice: Notice (8): Undefined variable: feedback in [APP/views/elements/feedback.ctp, line 3]
2010-03-30 12:38:04 Notice: Notice (8): Undefined index:  recaptcha_challenge_field in [APP/controllers/users_controller.php, line 362]
2010-03-30 12:38:04 Notice: Notice (8): Undefined index:  recaptcha_response_field in [APP/controllers/users_controller.php, line 363]
2010-03-30 12:41:10 Notice: Notice (8): Undefined variable: tab in [APP/views/users/login.ctp, line 7]
2010-03-30 12:41:10 Notice: Notice (8): Undefined variable: feedback in [APP/views/users/login.ctp, line 22]
2010-03-30 12:41:10 Notice: Notice (8): Undefined variable: feedback in [APP/views/elements/feedback.ctp, line 3]
2010-03-30 12:41:31 Notice: Notice (8): Undefined offset:  3 in [APP/controllers/users_controller.php, line 97]
2010-03-31 18:50:40 Notice: Notice (8): Undefined variable: message in [APP/controllers/users_controller.php, line 459]
2010-03-31 18:55:50 Notice: Notice (8): Undefined variable: message in [APP/controllers/users_controller.php, line 459]
2010-03-31 19:11:09 Notice: Notice (8): Undefined variable: message in [APP/controllers/users_controller.php, line 459]
2010-03-31 19:12:48 Notice: Notice (8): Undefined variable: message in [APP/controllers/users_controller.php, line 459]
2010-03-31 19:21:26 Notice: Notice (8): Undefined variable: message in [APP/controllers/users_controller.php, line 459]
2010-03-31 19:27:49 Notice: Notice (8): Undefined variable: message in [APP/controllers/users_controller.php, line 459]
2010-03-31 19:31:13 Notice: Notice (8): Undefined variable: message in [APP/controllers/users_controller.php, line 459]
2010-03-31 19:33:00 Notice: Notice (8): Undefined variable: message in [APP/controllers/users_controller.php, line 459]
2010-03-31 19:33:24 Notice: Notice (8): Undefined variable: message in [APP/controllers/users_controller.php, line 459]
2010-03-31 19:34:10 Notice: Notice (8): Undefined variable: message in [APP/controllers/users_controller.php, line 459]
2010-03-31 19:35:28 Notice: Notice (8): Undefined variable: message in [APP/controllers/users_controller.php, line 459]
2010-04-01 11:41:22 Notice: Notice (8): Undefined index:  recaptcha_challenge_field in [APP/controllers/users_controller.php, line 362]
2010-04-01 11:41:22 Notice: Notice (8): Undefined index:  recaptcha_response_field in [APP/controllers/users_controller.php, line 363]
2010-04-05 12:43:20 Notice: Notice (8): fputs() [<a href='http://php.net/function.fputs'>function.fputs</a>]: send of 446 bytes failed with errno=104 Connection reset by peer in [APP/controllers/app_controller.php, line 378]
2010-04-05 12:43:20 Notice: Notice (8): fputs() [<a href='http://php.net/function.fputs'>function.fputs</a>]: send of 6 bytes failed with errno=32 Broken pipe in [APP/controllers/app_controller.php, line 383]
2010-04-08 12:12:58 Notice: Notice (8): Undefined variable: tab in [APP/views/users/login.ctp, line 7]
2010-04-08 12:12:58 Notice: Notice (8): Undefined variable: feedback in [APP/views/users/login.ctp, line 22]
2010-04-08 12:12:58 Notice: Notice (8): Undefined variable: feedback in [APP/views/elements/feedback.ctp, line 3]
2010-04-08 12:13:31 Notice: Notice (8): Undefined variable: tab in [APP/views/users/login.ctp, line 7]
2010-04-08 12:13:31 Notice: Notice (8): Undefined variable: feedback in [APP/views/users/login.ctp, line 22]
2010-04-08 12:13:31 Notice: Notice (8): Undefined variable: feedback in [APP/views/elements/feedback.ctp, line 3]
2010-04-20 16:44:51 Notice: Notice (8): Undefined variable: facebook in [APP/controllers/facebooks_controller.php, line 69]
2010-04-20 16:44:51 Notice: Notice (8): Trying to get property of non-object in [APP/controllers/facebooks_controller.php, line 69]
2010-04-20 16:50:31 Notice: Notice (8): Use of undefined constant uid - assumed 'uid' in [APP/controllers/facebooks_controller.php, line 72]
2010-04-20 16:50:32 Notice: Notice (8): Use of undefined constant uid - assumed 'uid' in [APP/controllers/facebooks_controller.php, line 73]
2010-04-20 16:59:00 Notice: Notice (8): Undefined variable: facebook in [APP/controllers/facebooks_controller.php, line 69]
2010-04-20 16:59:00 Notice: Notice (8): Trying to get property of non-object in [APP/controllers/facebooks_controller.php, line 69]
2010-04-20 17:00:24 Notice: Notice (8): Undefined variable: facebook in [APP/controllers/facebooks_controller.php, line 69]
2010-04-20 17:00:24 Notice: Notice (8): Trying to get property of non-object in [APP/controllers/facebooks_controller.php, line 69]
2010-04-20 17:00:46 Notice: Notice (8): Undefined variable: facebook in [APP/controllers/facebooks_controller.php, line 69]
2010-04-20 17:00:46 Notice: Notice (8): Trying to get property of non-object in [APP/controllers/facebooks_controller.php, line 69]
2010-04-20 17:01:16 Notice: Notice (8): Undefined variable: facebook in [APP/controllers/facebooks_controller.php, line 69]
2010-04-20 17:01:16 Notice: Notice (8): Trying to get property of non-object in [APP/controllers/facebooks_controller.php, line 69]
2010-04-20 17:01:30 Notice: Notice (8): Undefined variable: facebook in [APP/controllers/facebooks_controller.php, line 69]
2010-04-20 17:01:30 Notice: Notice (8): Trying to get property of non-object in [APP/controllers/facebooks_controller.php, line 69]
2010-04-20 17:02:49 Notice: Notice (8): Undefined variable: facebook in [APP/controllers/facebooks_controller.php, line 70]
2010-04-20 17:02:49 Notice: Notice (8): Trying to get property of non-object in [APP/controllers/facebooks_controller.php, line 70]
2010-04-20 18:04:01 Notice: Notice (8): Undefined index:  month in [APP/controllers/facebooks_controller.php, line 88]
2010-04-20 18:04:01 Notice: Notice (8): Undefined index:  day in [APP/controllers/facebooks_controller.php, line 88]
2010-04-20 18:04:01 Notice: Notice (8): Undefined index:  relative_timestamp in [APP/controllers/facebooks_controller.php, line 90]
2010-04-20 18:04:01 Notice: Notice (8): Undefined index:  month in [APP/controllers/facebooks_controller.php, line 101]
2010-04-20 18:04:01 Notice: Notice (8): Undefined index:  day in [APP/controllers/facebooks_controller.php, line 101]
2010-04-20 18:04:01 Notice: Notice (8): Undefined index:  year in [APP/controllers/facebooks_controller.php, line 101]
2010-04-20 18:05:43 Notice: Notice (8): Undefined index:  relative_timestamp in [APP/controllers/facebooks_controller.php, line 90]
2010-04-20 18:58:14 Notice: Notice (8): Undefined variable: default_pic in [APP/controllers/facebooks_controller.php, line 84]
2010-04-20 18:58:20 Notice: Notice (8): Undefined variable: default_pic in [APP/controllers/facebooks_controller.php, line 84]
2010-04-20 18:58:23 Notice: Notice (8): Undefined variable: default_pic in [APP/controllers/facebooks_controller.php, line 84]
2010-04-20 19:18:37 Notice: Notice (8): Uninitialized string offset: 0 in [APP/controllers/facebooks_controller.php, line 85]
2010-04-20 19:20:56 Notice: Notice (8): Uninitialized string offset: 0 in [APP/controllers/facebooks_controller.php, line 86]
2010-04-20 19:21:57 Notice: Notice (8): Uninitialized string offset: 0 in [APP/controllers/facebooks_controller.php, line 86]
2010-04-20 19:27:41 Notice: Notice (8): Uninitialized string offset: 0 in [APP/controllers/facebooks_controller.php, line 86]
2010-04-20 19:29:04 Notice: Notice (8): Uninitialized string offset: 0 in [APP/controllers/facebooks_controller.php, line 86]
2010-04-20 19:29:28 Notice: Notice (8): Uninitialized string offset: 0 in [APP/controllers/facebooks_controller.php, line 86]
2010-04-20 19:31:44 Notice: Notice (8): Uninitialized string offset: 0 in [APP/controllers/facebooks_controller.php, line 85]
2010-04-20 19:32:37 Notice: Notice (8): Uninitialized string offset: 0 in [APP/controllers/facebooks_controller.php, line 85]
2010-04-24 13:44:45 Notice: Notice (8): Undefined variable: tab in [APP/views/users/login.ctp, line 7]
2010-04-24 13:44:46 Notice: Notice (8): Undefined variable: feedback in [APP/views/users/login.ctp, line 22]
2010-04-24 13:44:46 Notice: Notice (8): Undefined variable: feedback in [APP/views/elements/feedback.ctp, line 3]
2010-04-24 15:44:14 Notice: Notice (8): Undefined variable: tab in [APP/views/users/login.ctp, line 7]
2010-04-24 15:44:14 Notice: Notice (8): Undefined variable: feedback in [APP/views/users/login.ctp, line 22]
2010-04-24 15:44:14 Notice: Notice (8): Undefined variable: feedback in [APP/views/elements/feedback.ctp, line 3]
2010-04-24 15:59:24 Notice: Notice (8): Undefined variable: feedback in [APP/views/users/login.ctp, line 22]
2010-04-24 15:59:24 Notice: Notice (8): Undefined variable: feedback in [APP/views/elements/feedback.ctp, line 3]
2010-04-24 18:49:36 Notice: Notice (8): Undefined variable: tab in [APP/views/users/changepassword.ctp, line 7]
2010-04-24 18:49:36 Notice: Notice (8): Undefined variable: tab in [APP/views/elements/innerheader.ctp, line 6]
2010-04-24 18:49:36 Notice: Notice (8): Undefined variable: tab in [APP/views/elements/innerheader.ctp, line 7]
2010-04-24 18:49:36 Notice: Notice (8): Undefined variable: tab in [APP/views/elements/innerheader.ctp, line 8]
2010-04-24 18:49:36 Notice: Notice (8): Undefined variable: feedback in [APP/views/users/changepassword.ctp, line 22]
2010-04-24 18:49:36 Notice: Notice (8): Undefined variable: feedback in [APP/views/elements/feedback.ctp, line 3]
2010-04-25 18:31:27 Notice: Notice (8): Constant SERVER already defined in [APP/config/bootstrap.php, line 49]
2010-04-25 18:42:11 Notice: Notice (8): Undefined variable: test in [APP/config/database.php, line 106]
2010-04-25 18:42:40 Notice: Notice (8): Undefined variable: test in [APP/config/database.php, line 106]
2010-04-25 18:42:44 Notice: Notice (8): Undefined variable: test in [APP/config/database.php, line 106]
2010-04-25 18:44:13 Notice: Notice (8): Undefined variable: test in [APP/config/database.php, line 106]
2010-04-25 18:44:46 Notice: Notice (8): Undefined variable: test in [APP/config/database.php, line 106]
2010-04-25 18:45:11 Notice: Notice (8): Undefined variable: test in [APP/config/database.php, line 106]
2010-04-25 18:51:54 Notice: Notice (8): Undefined variable: test in [APP/config/database.php, line 106]
2010-04-25 18:52:09 Notice: Notice (8): Undefined variable: test in [APP/config/database.php, line 106]
2010-04-25 18:52:29 Notice: Notice (8): Undefined variable: test in [APP/config/database.php, line 106]
2010-04-25 18:52:53 Notice: Notice (8): Undefined variable: test in [APP/config/database.php, line 106]
2010-04-26 16:15:09 Notice: Notice (8): Undefined variable: feedback in [APP/views/users/upgrade.ctp, line 22]
2010-04-26 16:15:09 Notice: Notice (8): Undefined variable: feedback in [APP/views/elements/feedback.ctp, line 3]
2010-04-26 16:15:09 Notice: Notice (8): Undefined variable: domain_name in [APP/views/users/upgrade.ctp, line 29]
2010-04-26 16:15:10 Notice: Notice (8): Undefined variable: plan_sms in [APP/views/users/upgrade.ctp, line 32]
2010-04-26 16:15:10 Notice: Notice (8): Undefined variable: secret_key in [APP/views/users/upgrade.ctp, line 33]
2010-04-26 16:15:10 Notice: Notice (8): Undefined variable: max_recipient in [APP/views/users/upgrade.ctp, line 36]
2010-04-26 16:15:10 Notice: Notice (8): Undefined variable: total_sms in [APP/views/users/upgrade.ctp, line 40]
2010-04-26 16:15:10 Notice: Notice (8): Undefined variable: total_sms_today in [APP/views/users/upgrade.ctp, line 41]
2010-04-26 16:15:10 Notice: Notice (8): Undefined variable: plan_sms in [APP/views/users/upgrade.ctp, line 41]
2010-04-26 16:15:19 Notice: Notice (8): Undefined variable: feedback in [APP/views/users/upgrade.ctp, line 22]
2010-04-26 16:15:19 Notice: Notice (8): Undefined variable: feedback in [APP/views/elements/feedback.ctp, line 3]
2010-04-26 16:15:19 Notice: Notice (8): Undefined variable: domain_name in [APP/views/users/upgrade.ctp, line 29]
2010-04-26 16:15:20 Notice: Notice (8): Undefined variable: plan_sms in [APP/views/users/upgrade.ctp, line 32]
2010-04-26 16:15:20 Notice: Notice (8): Undefined variable: secret_key in [APP/views/users/upgrade.ctp, line 33]
2010-04-26 16:15:20 Notice: Notice (8): Undefined variable: max_recipient in [APP/views/users/upgrade.ctp, line 36]
2010-04-26 16:15:20 Notice: Notice (8): Undefined variable: total_sms in [APP/views/users/upgrade.ctp, line 40]
2010-04-26 16:15:20 Notice: Notice (8): Undefined variable: total_sms_today in [APP/views/users/upgrade.ctp, line 41]
2010-04-26 16:15:20 Notice: Notice (8): Undefined variable: plan_sms in [APP/views/users/upgrade.ctp, line 41]
2010-04-26 16:18:54 Notice: Notice (8): Undefined variable: feedback in [APP/views/users/upgrade.ctp, line 22]
2010-04-26 16:18:54 Notice: Notice (8): Undefined variable: feedback in [APP/views/elements/feedback.ctp, line 3]
2010-04-26 16:18:54 Notice: Notice (8): Undefined variable: domain_name in [APP/views/users/upgrade.ctp, line 29]
2010-04-26 16:18:55 Notice: Notice (8): Undefined variable: plan_sms in [APP/views/users/upgrade.ctp, line 32]
2010-04-26 16:18:55 Notice: Notice (8): Undefined variable: secret_key in [APP/views/users/upgrade.ctp, line 33]
2010-04-26 16:18:55 Notice: Notice (8): Undefined variable: max_recipient in [APP/views/users/upgrade.ctp, line 36]
2010-04-26 16:18:55 Notice: Notice (8): Undefined variable: total_sms in [APP/views/users/upgrade.ctp, line 40]
2010-04-26 16:18:55 Notice: Notice (8): Undefined variable: total_sms_today in [APP/views/users/upgrade.ctp, line 41]
2010-04-26 16:18:55 Notice: Notice (8): Undefined variable: plan_sms in [APP/views/users/upgrade.ctp, line 41]
2010-04-26 16:19:18 Notice: Notice (8): Undefined variable: feedback in [APP/views/users/upgrade.ctp, line 22]
2010-04-26 16:19:18 Notice: Notice (8): Undefined variable: feedback in [APP/views/elements/feedback.ctp, line 3]
2010-04-26 16:40:39 Notice: Notice (8): Undefined variable: plan_sms in [APP/views/users/upgrade.ctp, line 32]
2010-04-26 16:40:58 Notice: Notice (8): Undefined variable: plan_sms in [APP/views/users/upgrade.ctp, line 32]
2010-04-26 16:41:05 Notice: Notice (8): Undefined variable: plan_sms in [APP/views/users/upgrade.ctp, line 32]
2010-04-26 16:52:57 Notice: Notice (8): Undefined variable: plan_sms in [APP/views/users/upgrade.ctp, line 32]
2010-04-26 16:53:02 Notice: Notice (8): Undefined variable: plan_sms in [APP/views/users/upgrade.ctp, line 32]
2010-04-26 17:08:20 Notice: Notice (8): Undefined variable: text in [APP/views/users/upgrade.ctp, line 47]
2010-04-26 17:17:52 Notice: Notice (8): Undefined variable: text in [APP/views/users/upgrade.ctp, line 47]
2010-04-28 14:15:03 Notice: Notice (8): Undefined variable: tab in [APP/views/advertisers/tnc.ctp, line 7]
2010-04-28 14:15:03 Notice: Notice (8): Undefined variable: feedback in [APP/views/advertisers/tnc.ctp, line 22]
2010-04-28 14:15:03 Notice: Notice (8): Undefined variable: feedback in [APP/views/elements/feedback.ctp, line 3]
2010-04-28 20:08:04 Notice: Notice (8): Undefined variable: recaptcha in [APP/views/advertisers/registration.ctp, line 70]
2010-04-28 20:24:10 Notice: Notice (8): Undefined variable: data in [APP/controllers/advertisers_controller.php, line 98]
2010-04-28 20:24:10 Notice: Notice (8): Undefined variable: email in [APP/controllers/advertisers_controller.php, line 110]
2010-04-28 20:24:11 Notice: Notice (8): Undefined property: AdvertisersController::$Maillog in [APP/controllers/app_controller.php, line 278]
2010-04-28 20:27:26 Notice: Notice (8): Undefined property: AdvertisersController::$Maillog in [APP/controllers/app_controller.php, line 278]
2010-04-28 20:33:11 Notice: Notice (8): Undefined variable: tab in [APP/views/advertisers/registration.ctp, line 7]
2010-04-28 20:33:11 Notice: Notice (8): Undefined variable: feedback in [APP/views/advertisers/registration.ctp, line 22]
2010-04-28 20:33:11 Notice: Notice (8): Undefined variable: feedback in [APP/views/elements/feedback.ctp, line 3]
2010-04-28 20:33:11 Notice: Notice (8): Undefined variable: recaptcha in [APP/views/advertisers/registration.ctp, line 70]
2010-04-29 12:28:17 Notice: Notice (8): Undefined variable: description in [APP/views/advertisers/registration.ctp, line 70]
2010-04-29 12:39:13 Notice: Notice (8): Undefined variable: description in [APP/views/advertisers/registration.ctp, line 70]
2010-04-29 13:14:18 Notice: Notice (8): Undefined property: UsersController::$Advertiser in [APP/controllers/users_controller.php, line 291]
2010-04-29 14:11:46 Notice: Notice (8): Undefined index:  User in [APP/controllers/users_controller.php, line 96]
2010-04-29 14:11:46 Notice: Notice (8): Undefined index:  User in [APP/controllers/users_controller.php, line 97]
2010-04-29 14:11:46 Notice: Notice (8): Undefined index:  User in [APP/controllers/users_controller.php, line 100]
2010-04-29 16:28:04 Notice: Notice (8): Undefined offset:  13 in [APP/controllers/advertisers_controller.php, line 118]
2010-04-29 16:28:05 Notice: Notice (8): Undefined variable: tab in [APP/views/advertisers/add.ctp, line 7]
2010-04-29 16:28:05 Notice: Notice (8): Undefined variable: tab in [APP/views/elements/innerheader.ctp, line 6]
2010-04-29 16:28:05 Notice: Notice (8): Undefined variable: tab in [APP/views/elements/innerheader.ctp, line 7]
2010-04-29 16:28:05 Notice: Notice (8): Undefined variable: tab in [APP/views/elements/innerheader.ctp, line 8]
2010-04-29 16:28:05 Notice: Notice (8): Undefined variable: tab in [APP/views/elements/innerheader.ctp, line 9]
2010-04-29 16:28:05 Notice: Notice (8): Undefined variable: feedback in [APP/views/advertisers/add.ctp, line 22]
2010-04-29 16:28:05 Notice: Notice (8): Undefined variable: feedback in [APP/views/elements/feedback.ctp, line 3]
2010-04-29 16:28:05 Notice: Notice (8): Undefined variable: content in [APP/views/advertisers/add.ctp, line 43]
2010-04-29 16:30:04 Notice: Notice (8): Undefined offset:  13 in [APP/controllers/advertisers_controller.php, line 118]
2010-04-29 16:30:04 Notice: Notice (8): Undefined variable: tab in [APP/views/advertisers/add.ctp, line 7]
2010-04-29 16:30:05 Notice: Notice (8): Undefined variable: tab in [APP/views/elements/innerheader.ctp, line 6]
2010-04-29 16:30:05 Notice: Notice (8): Undefined variable: tab in [APP/views/elements/innerheader.ctp, line 7]
2010-04-29 16:30:05 Notice: Notice (8): Undefined variable: tab in [APP/views/elements/innerheader.ctp, line 8]
2010-04-29 16:30:05 Notice: Notice (8): Undefined variable: tab in [APP/views/elements/innerheader.ctp, line 9]
2010-04-29 16:30:05 Notice: Notice (8): Undefined variable: feedback in [APP/views/advertisers/add.ctp, line 22]
2010-04-29 16:30:05 Notice: Notice (8): Undefined variable: feedback in [APP/views/elements/feedback.ctp, line 3]
2010-04-29 16:30:05 Notice: Notice (8): Undefined variable: content in [APP/views/advertisers/add.ctp, line 43]
2010-04-29 16:35:54 Notice: Notice (8): Undefined variable: tab in [APP/views/advertisers/add.ctp, line 7]
2010-04-29 16:35:54 Notice: Notice (8): Undefined variable: tab in [APP/views/elements/innerheader.ctp, line 6]
2010-04-29 16:35:54 Notice: Notice (8): Undefined variable: tab in [APP/views/elements/innerheader.ctp, line 7]
2010-04-29 16:35:54 Notice: Notice (8): Undefined variable: tab in [APP/views/elements/innerheader.ctp, line 8]
2010-04-29 16:35:54 Notice: Notice (8): Undefined variable: tab in [APP/views/elements/innerheader.ctp, line 9]
2010-04-29 16:35:54 Notice: Notice (8): Undefined variable: feedback in [APP/views/advertisers/add.ctp, line 22]
2010-04-29 16:35:54 Notice: Notice (8): Undefined variable: feedback in [APP/views/elements/feedback.ctp, line 3]
2010-04-29 16:35:54 Notice: Notice (8): Undefined variable: content in [APP/views/advertisers/add.ctp, line 43]
2010-04-29 16:36:48 Notice: Notice (8): Undefined variable: content in [APP/views/advertisers/add.ctp, line 43]
2010-04-29 16:37:20 Notice: Notice (8): Undefined variable: content in [APP/views/advertisers/add.ctp, line 43]
2010-04-29 16:38:50 Notice: Notice (8): Undefined variable: content in [APP/views/advertisers/add.ctp, line 43]
2010-04-29 16:38:59 Notice: Notice (8): Undefined variable: content in [APP/views/advertisers/add.ctp, line 43]
2010-04-29 16:43:55 Notice: Notice (8): Undefined variable: content in [APP/views/advertisers/add.ctp, line 43]
2010-04-29 16:45:34 Notice: Notice (8): Undefined variable: content in [APP/views/advertisers/add.ctp, line 43]
2010-04-29 16:45:55 Notice: Notice (8): Undefined variable: content in [APP/views/advertisers/add.ctp, line 43]
2010-04-29 17:05:00 Notice: Notice (8): Undefined variable: content in [APP/views/advertisers/add.ctp, line 46]
2010-04-29 17:18:35 Notice: Notice (8): Undefined variable: error in [APP/controllers/advertisers_controller.php, line 127]
2010-04-29 18:19:10 Notice: Notice (8): Undefined property: AdvertisersController::$AdvContent in [APP/controllers/advertisers_controller.php, line 117]
2010-04-30 12:02:23 Notice: Notice (8): Undefined variable: max_quantity in [APP/controllers/advertisers_controller.php, line 212]
2010-04-30 12:10:51 Notice: Notice (8): Undefined variable: tab in [APP/views/advertisers/view.ctp, line 7]
2010-04-30 12:10:51 Notice: Notice (8): Undefined variable: tab in [APP/views/elements/innerheader.ctp, line 6]
2010-04-30 12:10:51 Notice: Notice (8): Undefined variable: tab in [APP/views/elements/innerheader.ctp, line 7]
2010-04-30 12:10:51 Notice: Notice (8): Undefined variable: tab in [APP/views/elements/innerheader.ctp, line 8]
2010-04-30 12:10:51 Notice: Notice (8): Undefined variable: tab in [APP/views/elements/innerheader.ctp, line 9]
2010-04-30 12:10:51 Notice: Notice (8): Undefined variable: feedback in [APP/views/advertisers/view.ctp, line 22]
2010-04-30 12:10:51 Notice: Notice (8): Undefined variable: feedback in [APP/views/elements/feedback.ctp, line 3]
2010-04-30 12:10:51 Notice: Notice (8): Undefined variable: content in [APP/views/advertisers/view.ctp, line 46]
2010-04-30 12:10:51 Notice: Notice (8): Undefined variable: date in [APP/views/advertisers/view.ctp, line 51]
2010-04-30 12:10:51 Notice: Notice (8): Undefined variable: month in [APP/views/advertisers/view.ctp, line 52]
2010-04-30 12:10:51 Notice: Notice (8): Undefined variable: year in [APP/views/advertisers/view.ctp, line 53]
2010-04-30 12:10:51 Notice: Notice (8): Undefined variable: category in [APP/views/advertisers/view.ctp, line 57]
2010-04-30 12:10:51 Notice: Notice (8): Undefined variable: quantity in [APP/views/advertisers/view.ctp, line 61]
2010-04-30 12:11:33 Notice: Notice (8): Undefined variable: content in [APP/views/advertisers/view.ctp, line 46]
2010-04-30 12:11:33 Notice: Notice (8): Undefined variable: date in [APP/views/advertisers/view.ctp, line 51]
2010-04-30 12:11:33 Notice: Notice (8): Undefined variable: month in [APP/views/advertisers/view.ctp, line 52]
2010-04-30 12:11:33 Notice: Notice (8): Undefined variable: year in [APP/views/advertisers/view.ctp, line 53]
2010-04-30 12:11:33 Notice: Notice (8): Undefined variable: category in [APP/views/advertisers/view.ctp, line 57]
2010-04-30 12:11:34 Notice: Notice (8): Undefined variable: quantity in [APP/views/advertisers/view.ctp, line 61]
2010-05-01 12:52:11 Notice: Notice (8): Undefined variable: hits in [APP/controllers/users_controller.php, line 299]
2010-05-01 13:05:34 Notice: Notice (8): Undefined variable: type in [APP/controllers/app_controller.php, line 39]
2010-05-01 13:05:34 Notice: Notice (8): Undefined variable: type in [APP/controllers/app_controller.php, line 44]
2010-05-01 14:58:00 Notice: Notice (8): Undefined variable: domain in [APP/views/admins/changecategory.ctp, line 17]
2010-05-01 16:40:11 Notice: Notice (8): Undefined variable: adv_quantity in [APP/views/admins/changecategory.ctp, line 36]
2010-05-01 16:40:22 Notice: Notice (8): Undefined variable: adv_quantity in [APP/views/admins/changecategory.ctp, line 36]
2010-05-03 13:28:37 Notice: Notice (8): Undefined index:  0 in [APP/controllers/advertisers_controller.php, line 270]
2010-05-03 13:32:19 Notice: Notice (8): Undefined index:  0 in [APP/controllers/advertisers_controller.php, line 270]
2010-05-03 13:32:47 Notice: Notice (8): Undefined index:  0 in [APP/controllers/advertisers_controller.php, line 270]
2010-05-03 13:35:15 Notice: Notice (8): Undefined index:  0 in [APP/controllers/advertisers_controller.php, line 270]
2010-05-03 13:35:21 Notice: Notice (8): Undefined index:  0 in [APP/controllers/advertisers_controller.php, line 270]
2010-05-03 13:36:29 Notice: Notice (8): Undefined index:  0 in [APP/controllers/advertisers_controller.php, line 270]
2010-05-03 13:36:54 Notice: Notice (8): Undefined index:  0 in [APP/controllers/advertisers_controller.php, line 270]
2010-05-03 19:44:06 Notice: Notice (8): Undefined index:  type in [APP/controllers/users_controller.php, line 108]
2010-05-03 19:44:06 Notice: Notice (8): Undefined index:  type in [APP/controllers/users_controller.php, line 144]
2010-05-03 19:46:53 Notice: Notice (8): Undefined index:  type in [APP/controllers/users_controller.php, line 108]
2010-05-03 19:46:53 Notice: Notice (8): Undefined index:  type in [APP/controllers/users_controller.php, line 144]
2010-05-03 19:47:02 Notice: Notice (8): Undefined index:  type in [APP/controllers/users_controller.php, line 108]
2010-05-03 19:47:02 Notice: Notice (8): Undefined index:  type in [APP/controllers/users_controller.php, line 144]
2010-05-04 12:27:16 Notice: Notice (8): Undefined property: MessagesController::$Smslog in [APP/controllers/app_controller.php, line 276]
2010-05-04 12:27:50 Notice: Notice (8): Undefined variable: content_data in [APP/controllers/messages_controller.php, line 207]
2010-05-04 14:22:58 Notice: Notice (8): Undefined index:  adv_send != quantity in [APP/controllers/messages_controller.php, line 127]
2010-05-04 18:06:50 Notice: Notice (8): Undefined variable: company_name in [APP/views/advertisers/registration.ctp, line 70]
2010-05-08 13:22:24 Notice: Notice (8): Undefined variable: content_data in [APP/controllers/messages_controller.php, line 182]
2010-05-08 15:05:59 Notice: Notice (8): Use of undefined constant smsleft10p - assumed 'smsleft10p' in [APP/views/admins/view.ctp, line 17]
2010-05-08 15:05:59 Notice: Notice (8): Use of undefined constant smsleft5p - assumed 'smsleft5p' in [APP/views/admins/view.ctp, line 18]
2010-05-08 22:45:21 Notice: Notice (8): Undefined index:  Doamin in [APP/controllers/users_controller.php, line 597]
2010-05-08 22:57:01 Notice: Notice (8): Undefined variable: data in [APP/views/users/showreport.ctp, line 42]
2010-05-08 23:20:35 Notice: Notice (8): Undefined variable: day in [APP/controllers/users_controller.php, line 607]
2010-05-08 23:20:35 Notice: Notice (8): Undefined variable: month in [APP/controllers/users_controller.php, line 609]
2010-05-08 23:20:35 Notice: Notice (8): Undefined variable: year in [APP/controllers/users_controller.php, line 610]
2010-05-08 23:21:21 Notice: Notice (8): Undefined variable: year in [APP/controllers/users_controller.php, line 607]
2010-05-08 23:21:21 Notice: Notice (8): Undefined variable: year in [APP/controllers/users_controller.php, line 611]
2010-05-08 23:54:21 Notice: Notice (8): Undefined variable: date_to_search in [APP/controllers/users_controller.php, line 612]
2010-05-09 16:55:33 Notice: Notice (8): Undefined property: CronsController::$Message in [APP/controllers/crons_controller.php, line 76]
2010-05-09 16:55:51 Notice: Notice (8): Undefined variable: server in [APP/controllers/crons_controller.php, line 76]
2010-05-09 20:38:49 Notice: Notice (8): Undefined index:  0 in [APP/views/admins/checkupgrade.ctp, line 31]
2010-05-09 20:38:49 Notice: Notice (8): Undefined index:  0 in [APP/views/admins/checkupgrade.ctp, line 32]
2010-05-10 15:21:27 Notice: Notice (8): Undefined variable: id in [APP/controllers/admins_controller.php, line 92]
2010-05-10 16:53:33 Notice: Notice (8): Undefined variable: tab in [APP/views/admins/index.ctp, line 7]
2010-05-10 17:00:43 Notice: Notice (8): Use of undefined constant ADMIN_PASSWORD - assumed 'ADMIN_PASSWORD' in [APP/controllers/admins_controller.php, line 15]
2010-05-10 17:00:44 Notice: Notice (8): Use of undefined constant ADMIN_PASSWORD - assumed 'ADMIN_PASSWORD' in [APP/controllers/admins_controller.php, line 15]
2010-05-10 17:00:44 Notice: Notice (8): Use of undefined constant ADMIN_PASSWORD - assumed 'ADMIN_PASSWORD' in [APP/controllers/admins_controller.php, line 15]
2010-05-10 17:00:45 Notice: Notice (8): Use of undefined constant ADMIN_PASSWORD - assumed 'ADMIN_PASSWORD' in [APP/controllers/admins_controller.php, line 15]
2010-05-10 17:00:45 Notice: Notice (8): Use of undefined constant ADMIN_PASSWORD - assumed 'ADMIN_PASSWORD' in [APP/controllers/admins_controller.php, line 15]
2010-05-10 17:00:45 Notice: Notice (8): Use of undefined constant ADMIN_PASSWORD - assumed 'ADMIN_PASSWORD' in [APP/controllers/admins_controller.php, line 15]
2010-05-10 17:00:46 Notice: Notice (8): Use of undefined constant ADMIN_PASSWORD - assumed 'ADMIN_PASSWORD' in [APP/controllers/admins_controller.php, line 15]
2010-05-10 17:00:46 Notice: Notice (8): Use of undefined constant ADMIN_PASSWORD - assumed 'ADMIN_PASSWORD' in [APP/controllers/admins_controller.php, line 15]
2010-05-10 17:00:47 Notice: Notice (8): Use of undefined constant ADMIN_PASSWORD - assumed 'ADMIN_PASSWORD' in [APP/controllers/admins_controller.php, line 15]
2010-05-10 17:00:47 Notice: Notice (8): Use of undefined constant ADMIN_PASSWORD - assumed 'ADMIN_PASSWORD' in [APP/controllers/admins_controller.php, line 15]
2010-05-10 17:00:48 Notice: Notice (8): Use of undefined constant ADMIN_PASSWORD - assumed 'ADMIN_PASSWORD' in [APP/controllers/admins_controller.php, line 15]
2010-05-10 17:00:48 Notice: Notice (8): Use of undefined constant ADMIN_PASSWORD - assumed 'ADMIN_PASSWORD' in [APP/controllers/admins_controller.php, line 15]
2010-05-10 17:00:48 Notice: Notice (8): Use of undefined constant ADMIN_PASSWORD - assumed 'ADMIN_PASSWORD' in [APP/controllers/admins_controller.php, line 15]
2010-05-10 17:00:49 Notice: Notice (8): Use of undefined constant ADMIN_PASSWORD - assumed 'ADMIN_PASSWORD' in [APP/controllers/admins_controller.php, line 15]
2010-05-10 17:00:49 Notice: Notice (8): Use of undefined constant ADMIN_PASSWORD - assumed 'ADMIN_PASSWORD' in [APP/controllers/admins_controller.php, line 15]
2010-05-10 17:00:50 Notice: Notice (8): Use of undefined constant ADMIN_PASSWORD - assumed 'ADMIN_PASSWORD' in [APP/controllers/admins_controller.php, line 15]
2010-05-10 17:00:50 Notice: Notice (8): Use of undefined constant ADMIN_PASSWORD - assumed 'ADMIN_PASSWORD' in [APP/controllers/admins_controller.php, line 15]
2010-05-10 17:00:50 Notice: Notice (8): Use of undefined constant ADMIN_PASSWORD - assumed 'ADMIN_PASSWORD' in [APP/controllers/admins_controller.php, line 15]
2010-05-10 17:00:51 Notice: Notice (8): Use of undefined constant ADMIN_PASSWORD - assumed 'ADMIN_PASSWORD' in [APP/controllers/admins_controller.php, line 15]
2010-05-10 17:00:51 Notice: Notice (8): Use of undefined constant ADMIN_PASSWORD - assumed 'ADMIN_PASSWORD' in [APP/controllers/admins_controller.php, line 15]
2010-05-10 17:00:52 Notice: Notice (8): Use of undefined constant ADMIN_PASSWORD - assumed 'ADMIN_PASSWORD' in [APP/controllers/admins_controller.php, line 15]
2010-05-10 17:02:07 Notice: Notice (8): Use of undefined constant ADMIN_PASSWORD - assumed 'ADMIN_PASSWORD' in [APP/controllers/admins_controller.php, line 16]
2010-05-10 17:02:08 Notice: Notice (8): Use of undefined constant ADMIN_PASSWORD - assumed 'ADMIN_PASSWORD' in [APP/controllers/admins_controller.php, line 16]
2010-05-10 17:02:08 Notice: Notice (8): Use of undefined constant ADMIN_PASSWORD - assumed 'ADMIN_PASSWORD' in [APP/controllers/admins_controller.php, line 16]
2010-05-10 17:02:09 Notice: Notice (8): Use of undefined constant ADMIN_PASSWORD - assumed 'ADMIN_PASSWORD' in [APP/controllers/admins_controller.php, line 16]
2010-05-10 17:02:09 Notice: Notice (8): Use of undefined constant ADMIN_PASSWORD - assumed 'ADMIN_PASSWORD' in [APP/controllers/admins_controller.php, line 16]
2010-05-10 17:02:10 Notice: Notice (8): Use of undefined constant ADMIN_PASSWORD - assumed 'ADMIN_PASSWORD' in [APP/controllers/admins_controller.php, line 16]
2010-05-10 17:02:11 Notice: Notice (8): Use of undefined constant ADMIN_PASSWORD - assumed 'ADMIN_PASSWORD' in [APP/controllers/admins_controller.php, line 16]
2010-05-10 17:02:11 Notice: Notice (8): Use of undefined constant ADMIN_PASSWORD - assumed 'ADMIN_PASSWORD' in [APP/controllers/admins_controller.php, line 16]
2010-05-10 17:02:12 Notice: Notice (8): Use of undefined constant ADMIN_PASSWORD - assumed 'ADMIN_PASSWORD' in [APP/controllers/admins_controller.php, line 16]
2010-05-10 17:02:12 Notice: Notice (8): Use of undefined constant ADMIN_PASSWORD - assumed 'ADMIN_PASSWORD' in [APP/controllers/admins_controller.php, line 16]
2010-05-10 17:02:13 Notice: Notice (8): Use of undefined constant ADMIN_PASSWORD - assumed 'ADMIN_PASSWORD' in [APP/controllers/admins_controller.php, line 16]
2010-05-10 17:02:13 Notice: Notice (8): Use of undefined constant ADMIN_PASSWORD - assumed 'ADMIN_PASSWORD' in [APP/controllers/admins_controller.php, line 16]
2010-05-10 17:02:14 Notice: Notice (8): Use of undefined constant ADMIN_PASSWORD - assumed 'ADMIN_PASSWORD' in [APP/controllers/admins_controller.php, line 16]
2010-05-10 17:02:14 Notice: Notice (8): Use of undefined constant ADMIN_PASSWORD - assumed 'ADMIN_PASSWORD' in [APP/controllers/admins_controller.php, line 16]
2010-05-10 17:02:15 Notice: Notice (8): Use of undefined constant ADMIN_PASSWORD - assumed 'ADMIN_PASSWORD' in [APP/controllers/admins_controller.php, line 16]
2010-05-10 17:02:15 Notice: Notice (8): Use of undefined constant ADMIN_PASSWORD - assumed 'ADMIN_PASSWORD' in [APP/controllers/admins_controller.php, line 16]
2010-05-10 17:02:16 Notice: Notice (8): Use of undefined constant ADMIN_PASSWORD - assumed 'ADMIN_PASSWORD' in [APP/controllers/admins_controller.php, line 16]
2010-05-10 17:02:16 Notice: Notice (8): Use of undefined constant ADMIN_PASSWORD - assumed 'ADMIN_PASSWORD' in [APP/controllers/admins_controller.php, line 16]
2010-05-10 17:02:16 Notice: Notice (8): Use of undefined constant ADMIN_PASSWORD - assumed 'ADMIN_PASSWORD' in [APP/controllers/admins_controller.php, line 16]
2010-05-10 17:02:17 Notice: Notice (8): Use of undefined constant ADMIN_PASSWORD - assumed 'ADMIN_PASSWORD' in [APP/controllers/admins_controller.php, line 16]
2010-05-10 17:02:17 Notice: Notice (8): Use of undefined constant ADMIN_PASSWORD - assumed 'ADMIN_PASSWORD' in [APP/controllers/admins_controller.php, line 16]
2010-05-10 17:03:23 Notice: Notice (8): Undefined index:  username in [APP/controllers/admins_controller.php, line 139]
2010-05-10 17:03:23 Notice: Notice (8): Undefined variable: feedback in [APP/views/admins/index.ctp, line 22]
2010-05-10 17:03:23 Notice: Notice (8): Undefined variable: feedback in [APP/views/elements/feedback.ctp, line 3]
2010-05-11 17:58:15 Notice: Notice (8): Undefined variable: tab in [APP/views/faqs/index.ctp, line 7]
2010-05-11 17:58:15 Notice: Notice (8): Undefined variable: feedback in [APP/views/faqs/index.ctp, line 22]
2010-05-11 17:58:15 Notice: Notice (8): Undefined variable: feedback in [APP/views/elements/feedback.ctp, line 3]
2010-05-11 17:58:36 Notice: Notice (8): Undefined property: FaqsController::$Feedback in [APP/controllers/app_controller.php, line 78]
2010-05-11 17:58:54 Notice: Notice (8): Undefined index:  Feedback in [APP/views/elements/feedback.ctp, line 6]
2010-05-11 17:58:54 Notice: Notice (8): Undefined index:  Feedback in [APP/views/elements/feedback.ctp, line 7]
2010-05-11 17:59:49 Notice: Notice (8): Undefined variable: feedback in [APP/views/faqs/index.ctp, line 22]
2010-05-11 17:59:49 Notice: Notice (8): Undefined variable: feedback in [APP/views/elements/feedback.ctp, line 3]
2010-05-11 18:00:20 Notice: Notice (8): Undefined variable: feedback in [APP/views/faqs/index.ctp, line 22]
2010-05-11 18:00:20 Notice: Notice (8): Undefined variable: feedback in [APP/views/elements/feedback.ctp, line 3]
2010-05-13 17:56:37 Notice: Notice (8): Undefined variable: tab in [APP/views/faqs/index.ctp, line 7]
2010-05-13 18:46:48 Notice: Notice (8): Array to string conversion in [CORE/cake/libs/model/datasources/dbo_source.php, line 1703]
2010-05-13 18:46:48 Notice: Notice (8): Array to string conversion in [CORE/cake/libs/model/datasources/dbo_source.php, line 1707]
2010-05-13 18:46:48 Notice: Notice (8): Array to string conversion in [CORE/cake/libs/model/datasources/dbo_source.php, line 1711]
2010-05-13 18:46:49 Notice: Notice (8): Array to string conversion in [CORE/cake/libs/model/datasources/dbo_source.php, line 1712]
2010-05-13 18:48:10 Notice: Notice (8): Undefined index:  Domain in [APP/controllers/app_controller.php, line 97]
2010-05-13 18:48:10 Notice: Notice (8): Undefined index:  Domain in [APP/controllers/app_controller.php, line 98]
2010-05-13 18:48:10 Notice: Notice (8): Undefined index:  Domain in [APP/controllers/app_controller.php, line 101]
2010-05-13 18:49:12 Notice: Notice (8): Undefined index:  Domain in [APP/controllers/app_controller.php, line 97]
2010-05-13 18:49:12 Notice: Notice (8): Undefined index:  Domain in [APP/controllers/app_controller.php, line 98]
2010-05-13 18:49:12 Notice: Notice (8): Undefined index:  Domain in [APP/controllers/app_controller.php, line 101]
2010-05-13 19:15:40 Notice: Notice (8): Undefined index:  Remote_addr in [APP/controllers/crons_controller.php, line 14]
2010-05-13 19:15:51 Notice: Notice (8): Undefined index:  remote_addr in [APP/controllers/crons_controller.php, line 14]
2010-05-13 20:05:17 Notice: Notice (8): Array to string conversion in [APP/controllers/crons_controller.php, line 112]
2010-05-13 20:05:17 Notice: Notice (8): Undefined variable: Array in [APP/controllers/crons_controller.php, line 112]
2010-05-13 21:23:21 Notice: Notice (8): Use of undefined constant p - assumed 'p' in [APP/controllers/crons_controller.php, line 112]
2010-05-13 21:25:31 Notice: Notice (8): Use of undefined constant p - assumed 'p' in [APP/controllers/crons_controller.php, line 112]
2010-05-13 21:25:59 Notice: Notice (8): Undefined variable: server in [APP/controllers/crons_controller.php, line 117]
2010-05-14 12:56:04 Notice: Notice (8): Undefined variable: mobile in [APP/controllers/users_controller.php, line 593]
2010-05-14 12:56:04 Notice: Notice (8): Undefined variable: email in [APP/controllers/users_controller.php, line 594]
2010-05-18 18:10:52 Notice: Notice (8): Undefined variable: tab in [APP/views/elements/adminheader.ctp, line 6]
2010-05-18 18:10:52 Notice: Notice (8): Undefined variable: tab in [APP/views/elements/adminheader.ctp, line 7]
2010-05-18 18:10:52 Notice: Notice (8): Undefined variable: category in [APP/views/admins/changecategory.ctp, line 30]
2010-05-18 18:10:52 Notice: Notice (8): Undefined variable: domain in [APP/views/admins/changecategory.ctp, line 48]
2010-05-18 18:10:52 Notice: Notice (8): Undefined variable: category in [APP/views/admins/changecategory.ctp, line 56]
2010-05-18 18:10:52 Notice: Notice (8): Undefined variable: domain_id in [APP/views/admins/changecategory.ctp, line 67]
2010-05-18 12:41:27 Notice: Notice (8): Undefined variable: tab in [APP/views/elements/adminheader.ctp, line 6]
2010-05-18 12:41:27 Notice: Notice (8): Undefined variable: tab in [APP/views/elements/adminheader.ctp, line 7]
2010-05-18 12:41:27 Notice: Notice (8): Undefined variable: category in [APP/views/admins/changecategory.ctp, line 30]
2010-05-18 12:41:27 Notice: Notice (8): Undefined variable: domain in [APP/views/admins/changecategory.ctp, line 48]
2010-05-18 12:41:27 Notice: Notice (8): Undefined variable: category in [APP/views/admins/changecategory.ctp, line 56]
2010-05-18 12:41:27 Notice: Notice (8): Undefined variable: domain_id in [APP/views/admins/changecategory.ctp, line 67]
2010-05-18 18:11:40 Notice: Notice (8): Undefined variable: tab in [APP/views/elements/adminheader.ctp, line 6]
2010-05-18 18:11:40 Notice: Notice (8): Undefined variable: tab in [APP/views/elements/adminheader.ctp, line 7]
2010-05-18 18:11:40 Notice: Notice (8): Undefined variable: category in [APP/views/admins/changecategory.ctp, line 30]
2010-05-18 18:11:40 Notice: Notice (8): Undefined variable: domain in [APP/views/admins/changecategory.ctp, line 48]
2010-05-18 18:11:40 Notice: Notice (8): Undefined variable: category in [APP/views/admins/changecategory.ctp, line 56]
2010-05-18 18:11:40 Notice: Notice (8): Undefined variable: domain_id in [APP/views/admins/changecategory.ctp, line 67]
2010-05-20 14:25:33 Notice: Notice (8): Undefined variable: tab in [APP/views/elements/adminheader.ctp, line 6]
2010-05-20 14:25:33 Notice: Notice (8): Undefined variable: tab in [APP/views/elements/adminheader.ctp, line 7]
2010-05-20 14:25:33 Notice: Notice (8): Undefined variable: smsleft10p in [APP/views/admins/feedbacklog.ctp, line 18]
2010-05-20 14:25:33 Notice: Notice (8): Undefined variable: smsleft5p in [APP/views/admins/feedbacklog.ctp, line 19]
2010-05-20 14:25:42 Notice: Notice (8): Undefined variable: tab in [APP/views/elements/adminheader.ctp, line 6]
2010-05-20 14:25:42 Notice: Notice (8): Undefined variable: tab in [APP/views/elements/adminheader.ctp, line 7]
2010-05-20 14:25:57 Notice: Notice (8): Undefined variable: tab in [APP/views/elements/adminheader.ctp, line 6]
2010-05-20 14:25:57 Notice: Notice (8): Undefined variable: tab in [APP/views/elements/adminheader.ctp, line 7]
2010-05-20 14:26:09 Notice: Notice (8): Undefined variable: tab in [APP/views/elements/adminheader.ctp, line 6]
2010-05-20 14:26:09 Notice: Notice (8): Undefined variable: tab in [APP/views/elements/adminheader.ctp, line 7]
2010-05-20 14:26:12 Notice: Notice (8): Undefined variable: tab in [APP/views/elements/adminheader.ctp, line 6]
2010-05-20 14:26:12 Notice: Notice (8): Undefined variable: tab in [APP/views/elements/adminheader.ctp, line 7]
2010-05-20 14:43:03 Notice: Notice (8): Undefined variable: user_tmp in [APP/views/admins/view.ctp, line 68]
2010-05-21 00:24:59 Notice: Notice (8): Undefined variable: recaptcha in [APP/views/messages/sendnow.ctp, line 38]
2010-05-21 00:25:24 Notice: Notice (8): Undefined variable: recaptcha in [APP/views/messages/sendnow.ctp, line 38]
2010-05-21 00:35:32 Notice: Notice (8): Undefined variable: secret_key in [APP/views/messages/sendnow.ctp, line 7]
2010-05-21 00:35:32 Notice: Notice (8): Undefined variable: recipient in [APP/views/messages/sendnow.ctp, line 11]
2010-05-21 00:35:32 Notice: Notice (8): Undefined variable: message in [APP/views/messages/sendnow.ctp, line 15]
2010-05-21 00:46:07 Notice: Notice (8): Undefined index:  recipient in [APP/controllers/messages_controller.php, line 41]
2010-05-21 00:46:30 Notice: Notice (8): Undefined index:  recipient in [APP/controllers/messages_controller.php, line 41]
2010-05-21 00:46:51 Notice: Notice (8): Undefined index:  recipient in [APP/controllers/messages_controller.php, line 41]
2010-05-21 00:57:07 Notice: Notice (8): Undefined variable: secret_key in [APP/views/messages/sendnow.ctp, line 26]
2010-05-21 00:59:09 Notice: Notice (8): Undefined variable: secret_key in [APP/views/messages/sendnow.ctp, line 24]
2010-05-21 01:07:26 Notice: Notice (8): Undefined index:  recipient in [APP/controllers/messages_controller.php, line 45]
2010-05-23 17:51:50 Notice: Notice (8): Undefined variable: data in [APP/views/users/upgrade.ctp, line 49]
2010-05-23 17:51:50 Notice: Notice (8): Undefined variable: data in [APP/views/users/upgrade.ctp, line 50]
2010-05-23 17:51:50 Notice: Notice (8): Undefined variable: data in [APP/views/users/upgrade.ctp, line 51]
2010-05-23 17:52:17 Notice: Notice (8): A non well formed numeric value encountered in [APP/views/users/upgrade.ctp, line 50]
2010-05-23 17:52:54 Notice: Notice (8): A non well formed numeric value encountered in [APP/views/users/upgrade.ctp, line 50]
2010-05-24 15:05:28 Notice: Notice (8): Undefined index:  0 in [APP/controllers/users_controller.php, line 300]
2010-05-24 15:05:28 Notice: Notice (8): Undefined index:  0 in [APP/controllers/users_controller.php, line 308]
2010-05-24 15:05:28 Notice: Notice (8): Undefined index:  0 in [APP/controllers/users_controller.php, line 309]
2010-05-24 15:07:23 Notice: Notice (8): Undefined index:  0 in [APP/controllers/users_controller.php, line 300]
2010-05-24 15:07:23 Notice: Notice (8): Undefined index:  0 in [APP/controllers/users_controller.php, line 308]
2010-05-24 15:07:23 Notice: Notice (8): Undefined index:  0 in [APP/controllers/users_controller.php, line 309]
2010-05-24 15:07:31 Notice: Notice (8): Undefined index:  0 in [APP/controllers/users_controller.php, line 300]
2010-05-24 15:07:31 Notice: Notice (8): Undefined index:  0 in [APP/controllers/users_controller.php, line 308]
2010-05-24 15:07:31 Notice: Notice (8): Undefined index:  0 in [APP/controllers/users_controller.php, line 309]
2010-05-24 15:12:00 Notice: Notice (8): Undefined offset:  2 in [APP/controllers/users_controller.php, line 242]
2010-06-09 19:21:52 Notice: Notice (8): Undefined property:  AdminsController::$Message in [APP/controllers/admins_controller.php, line 53]
2011-03-06 23:34:42 Notice: Notice (8): Undefined index:  reasontodelete in [APP/views/admins/view.ctp, line 43]
2011-03-06 23:45:22 Notice: Notice (8): Undefined index:  reasontodelete in [APP/views/admins/view.ctp, line 43]
