2010-02-22 08:38:46 Warning: Warning (512): <span style = "color:Red;text-align:left"><b>SQL Error:</b> 1048: Column 'challenge_response' cannot be null</span> in [CORE\cake\libs\model\datasources\dbo_source.php, line 527]
2010-02-22 08:47:16 Warning: Warning (512): <span style = "color:Red;text-align:left"><b>SQL Error:</b> 1062: Duplicate entry '9699419699' for key 'name'</span> in [CORE\cake\libs\model\datasources\dbo_source.php, line 527]
2010-02-22 08:47:44 Warning: Warning (512): <span style = "color:Red;text-align:left"><b>SQL Error:</b> 1062: Duplicate entry '9699419699' for key 'name'</span> in [CORE\cake\libs\model\datasources\dbo_source.php, line 527]
2010-02-22 08:47:56 Warning: Warning (512): <span style = "color:Red;text-align:left"><b>SQL Error:</b> 1062: Duplicate entry '9699419699' for key 'name'</span> in [CORE\cake\libs\model\datasources\dbo_source.php, line 527]
2010-02-22 11:22:18 Warning: Warning (512): <span style = "color:Red;text-align:left"><b>SQL Error:</b> 1062: Duplicate entry '' for key 'name'</span> in [CORE\cake\libs\model\datasources\dbo_source.php, line 527]
2010-02-22 11:38:06 Warning: Warning (512): <span style = "color:Red;text-align:left"><b>SQL Error:</b> 1054: Unknown column 'User.domain' in 'field list'</span> in [CORE\cake\libs\model\datasources\dbo_source.php, line 527]
2010-02-22 11:39:29 Warning: Warning (512): <span style = "color:Red;text-align:left"><b>SQL Error:</b> 1054: Unknown column 'User.domain' in 'field list'</span> in [CORE\cake\libs\model\datasources\dbo_source.php, line 527]
2010-02-22 11:43:29 Warning: Warning (512): <span style = "color:Red;text-align:left"><b>SQL Error:</b> 1052: Column 'name' in where clause is ambiguous</span> in [CORE\cake\libs\model\datasources\dbo_source.php, line 527]
2010-02-22 11:43:54 Warning: Warning (512): <span style = "color:Red;text-align:left"><b>SQL Error:</b> 1064: You have an error in your SQL syntax; check the manual that corresponds to your MySQL server version for the right syntax to use near 'unBindAll' at line 1</span> in [CORE\cake\libs\model\datasources\dbo_source.php, line 527]
2010-02-22 11:43:54 Warning: Warning (512): <span style = "color:Red;text-align:left"><b>SQL Error:</b> 1052: Column 'name' in where clause is ambiguous</span> in [CORE\cake\libs\model\datasources\dbo_source.php, line 527]
2010-02-22 13:03:38 Warning: Warning (2): Invalid argument supplied for foreach() in [APP\views\users\view.ctp, line 14]
2010-02-22 13:36:03 Warning: Warning (512): <span style = "color:Red;text-align:left"><b>SQL Error:</b> 1054: Unknown column 'Array' in 'field list'</span> in [CORE\cake\libs\model\datasources\dbo_source.php, line 527]
2010-02-22 13:38:58 Warning: Warning (2): imagesx() expects parameter 1 to be resource, string given in [APP\controllers\plans_controller.php, line 42]
2010-02-22 13:38:58 Warning: Warning (2): imagesy() expects parameter 1 to be resource, string given in [APP\controllers\plans_controller.php, line 42]
2010-02-22 13:41:24 Warning: Warning (2): imagecreatefromstring() [<a href='http://php.net/function.imagecreatefromstring'>function.imagecreatefromstring</a>]: Data is not in a recognized format in [APP\controllers\plans_controller.php, line 41]
2010-02-22 13:41:24 Warning: Warning (2): imagesx() expects parameter 1 to be resource, boolean given in [APP\controllers\plans_controller.php, line 42]
2010-02-22 13:41:25 Warning: Warning (2): imagesy() expects parameter 1 to be resource, boolean given in [APP\controllers\plans_controller.php, line 42]
2010-02-22 14:39:10 Warning: Warning (512): <span style = "color:Red;text-align:left"><b>SQL Error:</b> 1052: Column 'id' in where clause is ambiguous</span> in [CORE\cake\libs\model\datasources\dbo_source.php, line 527]
2010-02-22 14:40:32 Warning: Warning (512): <span style = "color:Red;text-align:left"><b>SQL Error:</b> 1054: Unknown column 'user.user_id' in 'on clause'</span> in [CORE\cake\libs\model\datasources\dbo_source.php, line 527]
2010-02-23 07:15:32 Warning: Warning (512): <span style = "color:Red;text-align:left"><b>SQL Error:</b> 1052: Column 'id' in where clause is ambiguous</span> in [CORE\cake\libs\model\datasources\dbo_source.php, line 527]
2010-02-23 07:15:52 Warning: Warning (512): <span style = "color:Red;text-align:left"><b>SQL Error:</b> 1052: Column 'id' in where clause is ambiguous</span> in [CORE\cake\libs\model\datasources\dbo_source.php, line 527]
2010-02-23 07:16:00 Warning: Warning (512): <span style = "color:Red;text-align:left"><b>SQL Error:</b> 1052: Column 'id' in where clause is ambiguous</span> in [CORE\cake\libs\model\datasources\dbo_source.php, line 527]
2010-02-23 07:17:24 Warning: Warning (512): <span style = "color:Red;text-align:left"><b>SQL Error:</b> 1052: Column 'id' in where clause is ambiguous</span> in [CORE\cake\libs\model\datasources\dbo_source.php, line 527]
2010-02-23 07:39:29 Warning: Warning (512): <span style = "color:Red;text-align:left"><b>SQL Error:</b> 1062: Duplicate entry '9699419699' for key 'name'</span> in [CORE\cake\libs\model\datasources\dbo_source.php, line 527]
2010-02-23 13:18:25 Warning: Warning (512): <span style = "color:Red;text-align:left"><b>SQL Error:</b> 1048: Column 'name' cannot be null</span> in [CORE\cake\libs\model\datasources\dbo_source.php, line 527]
2010-02-25 07:08:08 Warning: Warning (512): <span style = "color:Red;text-align:left"><b>SQL Error:</b> 1064: You have an error in your SQL syntax; check the manual that corresponds to your MySQL server version for the right syntax to use near '% '2010-02-25'' at line 1</span> in [CORE\cake\libs\model\datasources\dbo_source.php, line 527]
2010-02-25 07:43:06 Warning: Warning (512): <span style = "color:Red;text-align:left"><b>SQL Error:</b> 1064: You have an error in your SQL syntax; check the manual that corresponds to your MySQL server version for the right syntax to use near '07:42:30) as difference' at line 1</span> in [CORE\cake\libs\model\datasources\dbo_source.php, line 527]
2010-02-25 14:09:00 Warning: Warning (512): <span style = "color:Red;text-align:left"><b>SQL Error:</b> 1054: Unknown column 'Message.size' in 'field list'</span> in [CORE\cake\libs\model\datasources\dbo_source.php, line 527]
2010-02-25 15:28:21 Warning: Warning (512): <span style = "color:Red;text-align:left"><b>SQL Error:</b> 1062: Duplicate entry '8040' for key 'name'</span> in [CORE\cake\libs\model\datasources\dbo_source.php, line 527]
2010-02-26 16:31:23 Warning: Warning (512): <span style = "color:Red;text-align:left"><b>SQL Error:</b> 1054: Unknown column 'Plan.server' in 'field list'</span> in [CORE\cake\libs\model\datasources\dbo_source.php, line 527]
2010-02-26 16:31:23 Warning: Warning (2): Invalid argument supplied for foreach() in [APP\controllers\users_controller.php, line 128]
2010-02-26 16:31:23 Warning: Warning (2): Invalid argument supplied for foreach() in [APP\views\users\view.ctp, line 34]
2010-02-26 16:32:21 Warning: Warning (512): <span style = "color:Red;text-align:left"><b>SQL Error:</b> 1054: Unknown column 'Plan.server' in 'field list'</span> in [CORE\cake\libs\model\datasources\dbo_source.php, line 527]
2010-02-26 16:32:21 Warning: Warning (2): Invalid argument supplied for foreach() in [APP\controllers\users_controller.php, line 128]
2010-02-26 16:32:21 Warning: Warning (2): Invalid argument supplied for foreach() in [APP\views\users\view.ctp, line 34]
2010-02-26 16:32:29 Warning: Warning (512): <span style = "color:Red;text-align:left"><b>SQL Error:</b> 1054: Unknown column 'Plan.server' in 'field list'</span> in [CORE\cake\libs\model\datasources\dbo_source.php, line 527]
2010-02-26 16:32:29 Warning: Warning (2): Invalid argument supplied for foreach() in [APP\controllers\users_controller.php, line 128]
2010-02-26 16:32:29 Warning: Warning (2): Invalid argument supplied for foreach() in [APP\views\users\view.ctp, line 34]
2010-02-26 22:49:37 Warning: Warning (2): array_merge_recursive() [<a href='http://php.net/function.array-merge-recursive'>function.array-merge-recursive</a>]: Argument #1 is not an array in [CORE\cake\libs\view\view.php, line 342]
2010-02-26 22:49:38 Warning: Warning (2): array_merge() [<a href='http://php.net/function.array-merge'>function.array-merge</a>]: Argument #2 is not an array in [CORE\cake\libs\view\view.php, line 343]
2010-02-26 22:49:38 Warning: Warning (2): extract() expects parameter 1 to be array, null given in [CORE\cake\libs\view\view.php, line 662]
2010-03-01 11:36:01 Warning: Warning (2): array_merge_recursive() [<a href='http://php.net/function.array-merge-recursive'>function.array-merge-recursive</a>]: Argument #1 is not an array in [CORE\cake\libs\view\view.php, line 342]
2010-03-01 11:36:01 Warning: Warning (2): array_merge() [<a href='http://php.net/function.array-merge'>function.array-merge</a>]: Argument #2 is not an array in [CORE\cake\libs\view\view.php, line 343]
2010-03-01 11:36:01 Warning: Warning (2): extract() expects parameter 1 to be array, null given in [CORE\cake\libs\view\view.php, line 662]
2010-03-01 12:09:11 Warning: Warning (2): array_merge_recursive() [<a href='http://php.net/function.array-merge-recursive'>function.array-merge-recursive</a>]: Argument #1 is not an array in [CORE\cake\libs\view\view.php, line 342]
2010-03-01 12:09:11 Warning: Warning (2): array_merge() [<a href='http://php.net/function.array-merge'>function.array-merge</a>]: Argument #2 is not an array in [CORE\cake\libs\view\view.php, line 343]
2010-03-01 12:09:11 Warning: Warning (2): extract() expects parameter 1 to be array, null given in [CORE\cake\libs\view\view.php, line 662]
2010-03-01 12:09:11 Warning: Warning (2): Invalid argument supplied for foreach() in [APP\views\elements\feedback.ctp, line 3]
2010-03-02 18:18:22 Warning: Warning (2): array_merge_recursive() [<a href='http://php.net/function.array-merge-recursive'>function.array-merge-recursive</a>]: Argument #1 is not an array in [CORE/cake/libs/view/view.php, line 342]
2010-03-02 18:18:22 Warning: Warning (2): array_merge() [<a href='http://php.net/function.array-merge'>function.array-merge</a>]: Argument #2 is not an array in [CORE/cake/libs/view/view.php, line 343]
2010-03-02 18:18:22 Warning: Warning (2): extract() [<a href='http://php.net/function.extract'>function.extract</a>]: First argument should be an array in [CORE/cake/libs/view/view.php, line 662]
2010-03-05 18:04:45 Warning: Warning (512): <span style = "color:Red;text-align:left"><b>SQL Error:</b> 1054: Unknown column 'Plan.id' in 'field list'</span> in [CORE/cake/libs/model/datasources/dbo_source.php, line 527]
2010-03-12 20:22:11 Warning: Warning (2): array_merge_recursive() [<a href='http://php.net/function.array-merge-recursive'>function.array-merge-recursive</a>]: Argument #1 is not an array in [CORE/cake/libs/view/view.php, line 342]
2010-03-12 20:22:11 Warning: Warning (2): array_merge_recursive() [<a href='http://php.net/function.array-merge-recursive'>function.array-merge-recursive</a>]: Argument #2 is not an array in [CORE/cake/libs/view/view.php, line 342]
2010-03-12 20:22:11 Warning: Warning (2): array_merge() [<a href='http://php.net/function.array-merge'>function.array-merge</a>]: Argument #2 is not an array in [CORE/cake/libs/view/view.php, line 343]
2010-03-12 20:22:11 Warning: Warning (2): extract() [<a href='http://php.net/function.extract'>function.extract</a>]: First argument should be an array in [CORE/cake/libs/view/view.php, line 662]
2010-03-12 20:22:12 Warning: Warning (2): Invalid argument supplied for foreach() in [APP/views/elements/feedback.ctp, line 3]
2010-03-12 20:57:19 Warning: Warning (2): Missing argument 3 for AppController::sendToMobile(), called in /var/www/html/freesmsapi/app/controllers/advertisers_controller.php on line 55 and defined in [APP/controllers/app_controller.php, line 247]
2010-03-12 21:01:08 Warning: Warning (2): Missing argument 1 for AdvertisersController::registrationComplete(), called in /var/www/html/freesmsapi/cake/libs/object.php on line 116 and defined in [APP/controllers/advertisers_controller.php, line 81]
2010-03-12 21:01:48 Warning: Warning (2): Missing argument 1 for AdvertisersController::registrationComplete(), called in /var/www/html/freesmsapi/cake/libs/object.php on line 116 and defined in [APP/controllers/advertisers_controller.php, line 81]
2010-03-12 21:17:29 Warning: Warning (2): array_merge_recursive() [<a href='http://php.net/function.array-merge-recursive'>function.array-merge-recursive</a>]: Argument #1 is not an array in [CORE/cake/libs/view/view.php, line 342]
2010-03-12 21:17:29 Warning: Warning (2): array_merge() [<a href='http://php.net/function.array-merge'>function.array-merge</a>]: Argument #2 is not an array in [CORE/cake/libs/view/view.php, line 343]
2010-03-12 21:17:29 Warning: Warning (2): extract() [<a href='http://php.net/function.extract'>function.extract</a>]: First argument should be an array in [CORE/cake/libs/view/view.php, line 662]
2010-03-12 21:17:29 Warning: Warning (2): Invalid argument supplied for foreach() in [APP/views/elements/feedback.ctp, line 3]
2010-03-12 21:17:59 Warning: Warning (2): array_merge_recursive() [<a href='http://php.net/function.array-merge-recursive'>function.array-merge-recursive</a>]: Argument #1 is not an array in [CORE/cake/libs/view/view.php, line 342]
2010-03-12 21:17:59 Warning: Warning (2): array_merge() [<a href='http://php.net/function.array-merge'>function.array-merge</a>]: Argument #2 is not an array in [CORE/cake/libs/view/view.php, line 343]
2010-03-12 21:17:59 Warning: Warning (2): extract() [<a href='http://php.net/function.extract'>function.extract</a>]: First argument should be an array in [CORE/cake/libs/view/view.php, line 662]
2010-03-12 21:17:59 Warning: Warning (2): Invalid argument supplied for foreach() in [APP/views/elements/feedback.ctp, line 3]
2010-03-12 21:18:42 Warning: Warning (2): array_merge_recursive() [<a href='http://php.net/function.array-merge-recursive'>function.array-merge-recursive</a>]: Argument #1 is not an array in [CORE/cake/libs/view/view.php, line 342]
2010-03-12 21:18:42 Warning: Warning (2): array_merge() [<a href='http://php.net/function.array-merge'>function.array-merge</a>]: Argument #2 is not an array in [CORE/cake/libs/view/view.php, line 343]
2010-03-12 21:18:42 Warning: Warning (2): extract() [<a href='http://php.net/function.extract'>function.extract</a>]: First argument should be an array in [CORE/cake/libs/view/view.php, line 662]
2010-03-12 21:18:42 Warning: Warning (2): Invalid argument supplied for foreach() in [APP/views/elements/feedback.ctp, line 3]
2010-03-12 21:25:30 Warning: Warning (2): Missing argument 3 for AppController::sendToMobile(), called in /var/www/html/freesmsapi/app/controllers/advertisers_controller.php on line 55 and defined in [APP/controllers/app_controller.php, line 247]
2010-03-12 21:26:03 Warning: Warning (2): array_merge_recursive() [<a href='http://php.net/function.array-merge-recursive'>function.array-merge-recursive</a>]: Argument #1 is not an array in [CORE/cake/libs/view/view.php, line 342]
2010-03-12 21:26:03 Warning: Warning (2): array_merge() [<a href='http://php.net/function.array-merge'>function.array-merge</a>]: Argument #2 is not an array in [CORE/cake/libs/view/view.php, line 343]
2010-03-12 21:26:03 Warning: Warning (2): extract() [<a href='http://php.net/function.extract'>function.extract</a>]: First argument should be an array in [CORE/cake/libs/view/view.php, line 662]
2010-03-12 21:26:03 Warning: Warning (2): Invalid argument supplied for foreach() in [APP/views/elements/feedback.ctp, line 3]
2010-03-16 23:03:53 Warning: Warning (2): mysql_connect() [<a href='http://php.net/function.mysql-connect'>function.mysql-connect</a>]: Access denied for user 'root'@'localhost' (using password: NO) in [CORE/cake/libs/model/datasources/dbo/dbo_mysql.php, line 454]
2010-03-16 23:03:53 Warning: Warning (2): mysql_select_db(): supplied argument is not a valid MySQL-Link resource in [CORE/cake/libs/model/datasources/dbo/dbo_mysql.php, line 460]
2010-03-16 23:03:53 Warning: Warning (2): mysql_get_server_info(): supplied argument is not a valid MySQL-Link resource in [CORE/cake/libs/model/datasources/dbo/dbo_mysql.php, line 468]
2010-03-16 23:03:53 Warning: Warning (2): mysql_query(): supplied argument is not a valid MySQL-Link resource in [CORE/cake/libs/model/datasources/dbo/dbo_mysql.php, line 500]
2010-03-30 11:45:57 Warning: Warning (2): array_merge_recursive() [<a href='http://php.net/function.array-merge-recursive'>function.array-merge-recursive</a>]: Argument #1 is not an array in [CORE/cake/libs/view/view.php, line 342]
2010-03-30 11:45:57 Warning: Warning (2): array_merge() [<a href='http://php.net/function.array-merge'>function.array-merge</a>]: Argument #2 is not an array in [CORE/cake/libs/view/view.php, line 343]
2010-03-30 11:45:57 Warning: Warning (2): extract() [<a href='http://php.net/function.extract'>function.extract</a>]: First argument should be an array in [CORE/cake/libs/view/view.php, line 662]
2010-03-30 11:45:57 Warning: Warning (2): Invalid argument supplied for foreach() in [APP/views/elements/feedback.ctp, line 3]
2010-03-30 12:41:10 Warning: Warning (2): array_merge_recursive() [<a href='http://php.net/function.array-merge-recursive'>function.array-merge-recursive</a>]: Argument #1 is not an array in [CORE/cake/libs/view/view.php, line 342]
2010-03-30 12:41:10 Warning: Warning (2): array_merge() [<a href='http://php.net/function.array-merge'>function.array-merge</a>]: Argument #2 is not an array in [CORE/cake/libs/view/view.php, line 343]
2010-03-30 12:41:10 Warning: Warning (2): extract() [<a href='http://php.net/function.extract'>function.extract</a>]: First argument should be an array in [CORE/cake/libs/view/view.php, line 662]
2010-03-30 12:41:10 Warning: Warning (2): Invalid argument supplied for foreach() in [APP/views/elements/feedback.ctp, line 3]
2010-03-30 12:41:31 Warning: Warning (512): <span style = "color:Red;text-align:left"><b>SQL Error:</b> 1048: Column 'server' cannot be null</span> in [CORE/cake/libs/model/datasources/dbo_source.php, line 527]
2010-03-30 12:41:31 Warning: Warning (2): Cannot modify header information - headers already sent by (output started at /var/www/freesmsapi/cake/basics.php:109) in [CORE/cake/libs/session.php, line 596]
2010-03-30 12:41:31 Warning: Warning (2): session_regenerate_id() [<a href='http://php.net/function.session-regenerate-id'>function.session-regenerate-id</a>]: Cannot regenerate session id - headers already sent in [CORE/cake/libs/session.php, line 598]
2010-03-30 12:41:31 Warning: Warning (2): Cannot modify header information - headers already sent by (output started at /var/www/freesmsapi/cake/basics.php:109) in [CORE/cake/libs/controller/controller.php, line 647]
2010-04-05 12:20:32 Warning: Warning (2): fsockopen() [<a href='http://php.net/function.fsockopen'>function.fsockopen</a>]: php_network_getaddresses: getaddrinfo failed: Name or service not known in [APP/controllers/app_controller.php, line 311]
2010-04-05 12:20:32 Warning: Warning (2): fsockopen() [<a href='http://php.net/function.fsockopen'>function.fsockopen</a>]: unable to connect to smtp.palsanservices.com:25 (php_network_getaddresses: getaddrinfo failed: Name or service not known) in [APP/controllers/app_controller.php, line 311]
2010-04-05 12:20:32 Warning: Warning (2): fgets(): supplied argument is not a valid stream resource in [APP/controllers/app_controller.php, line 312]
2010-04-05 12:23:02 Warning: Warning (2): fsockopen() [<a href='http://php.net/function.fsockopen'>function.fsockopen</a>]: php_network_getaddresses: getaddrinfo failed: Name or service not known in [APP/controllers/app_controller.php, line 311]
2010-04-05 12:23:02 Warning: Warning (2): fsockopen() [<a href='http://php.net/function.fsockopen'>function.fsockopen</a>]: unable to connect to smtp.palsanservices.com:25 (php_network_getaddresses: getaddrinfo failed: Name or service not known) in [APP/controllers/app_controller.php, line 311]
2010-04-05 12:23:02 Warning: Warning (2): fgets(): supplied argument is not a valid stream resource in [APP/controllers/app_controller.php, line 312]
2010-04-05 12:27:33 Warning: Warning (2): fsockopen() [<a href='http://php.net/function.fsockopen'>function.fsockopen</a>]: php_network_getaddresses: getaddrinfo failed: Name or service not known in [APP/controllers/app_controller.php, line 311]
2010-04-05 12:27:33 Warning: Warning (2): fsockopen() [<a href='http://php.net/function.fsockopen'>function.fsockopen</a>]: unable to connect to smtp.palsanservices.com:25 (php_network_getaddresses: getaddrinfo failed: Name or service not known) in [APP/controllers/app_controller.php, line 311]
2010-04-05 12:27:33 Warning: Warning (2): fgets(): supplied argument is not a valid stream resource in [APP/controllers/app_controller.php, line 312]
2010-04-05 12:41:14 Warning: Warning (2): fsockopen() [<a href='http://php.net/function.fsockopen'>function.fsockopen</a>]: php_network_getaddresses: getaddrinfo failed: Name or service not known in [APP/controllers/app_controller.php, line 311]
2010-04-05 12:41:14 Warning: Warning (2): fsockopen() [<a href='http://php.net/function.fsockopen'>function.fsockopen</a>]: unable to connect to smtp.palsanservices.com:25 (php_network_getaddresses: getaddrinfo failed: Name or service not known) in [APP/controllers/app_controller.php, line 311]
2010-04-05 12:41:14 Warning: Warning (2): fgets(): supplied argument is not a valid stream resource in [APP/controllers/app_controller.php, line 312]
2010-04-08 12:12:58 Warning: Warning (2): array_merge_recursive() [<a href='http://php.net/function.array-merge-recursive'>function.array-merge-recursive</a>]: Argument #1 is not an array in [CORE/cake/libs/view/view.php, line 342]
2010-04-08 12:12:58 Warning: Warning (2): array_merge() [<a href='http://php.net/function.array-merge'>function.array-merge</a>]: Argument #2 is not an array in [CORE/cake/libs/view/view.php, line 343]
2010-04-08 12:12:58 Warning: Warning (2): extract() [<a href='http://php.net/function.extract'>function.extract</a>]: First argument should be an array in [CORE/cake/libs/view/view.php, line 662]
2010-04-08 12:12:58 Warning: Warning (2): Invalid argument supplied for foreach() in [APP/views/elements/feedback.ctp, line 3]
2010-04-08 12:13:31 Warning: Warning (2): array_merge_recursive() [<a href='http://php.net/function.array-merge-recursive'>function.array-merge-recursive</a>]: Argument #1 is not an array in [CORE/cake/libs/view/view.php, line 342]
2010-04-08 12:13:31 Warning: Warning (2): array_merge() [<a href='http://php.net/function.array-merge'>function.array-merge</a>]: Argument #2 is not an array in [CORE/cake/libs/view/view.php, line 343]
2010-04-08 12:13:31 Warning: Warning (2): extract() [<a href='http://php.net/function.extract'>function.extract</a>]: First argument should be an array in [CORE/cake/libs/view/view.php, line 662]
2010-04-08 12:13:31 Warning: Warning (2): Invalid argument supplied for foreach() in [APP/views/elements/feedback.ctp, line 3]
2010-04-20 16:24:29 Warning: Warning (2): include_once(jsonwrapper/jsonwrapper.php) [<a href='http://php.net/function.include-once'>function.include-once</a>]: failed to open stream: No such file or directory in [APP/vendors/facebook/facebookapi_php5_restlib.php, line 35]
2010-04-20 16:24:29 Warning: Warning (2): include_once() [<a href='http://php.net/function.include'>function.include</a>]: Failed opening 'jsonwrapper/jsonwrapper.php' for inclusion (include_path='/var/www/html/freesmsapi.com:/var/www/html/freesmsapi.com/app/:.:/usr/share/pear:/usr/share/php') in [APP/vendors/facebook/facebookapi_php5_restlib.php, line 35]
2010-04-20 16:26:38 Warning: Warning (2): include_once(jsonwrapper/jsonwrapper.php) [<a href='http://php.net/function.include-once'>function.include-once</a>]: failed to open stream: No such file or directory in [APP/vendors/facebook/facebookapi_php5_restlib.php, line 35]
2010-04-20 16:26:38 Warning: Warning (2): include_once() [<a href='http://php.net/function.include'>function.include</a>]: Failed opening 'jsonwrapper/jsonwrapper.php' for inclusion (include_path='/var/www/html/freesmsapi.com:/var/www/html/freesmsapi.com/app/:.:/usr/share/pear:/usr/share/php') in [APP/vendors/facebook/facebookapi_php5_restlib.php, line 35]
2010-04-20 16:26:59 Warning: Warning (2): include_once(jsonwrapper/jsonwrapper.php) [<a href='http://php.net/function.include-once'>function.include-once</a>]: failed to open stream: No such file or directory in [APP/vendors/facebook/facebookapi_php5_restlib.php, line 35]
2010-04-20 16:26:59 Warning: Warning (2): include_once() [<a href='http://php.net/function.include'>function.include</a>]: Failed opening 'jsonwrapper/jsonwrapper.php' for inclusion (include_path='/var/www/html/freesmsapi.com:/var/www/html/freesmsapi.com/app/:.:/usr/share/pear:/usr/share/php') in [APP/vendors/facebook/facebookapi_php5_restlib.php, line 35]
2010-04-20 16:26:59 Warning: Warning (2): Cannot modify header information - headers already sent by (output started at /var/www/html/freesmsapi.com/cake/basics.php:307) in [APP/vendors/facebook/facebook.php, line 418]
2010-04-20 16:26:59 Warning: Warning (2): Cannot modify header information - headers already sent by (output started at /var/www/html/freesmsapi.com/cake/basics.php:307) in [APP/vendors/facebook/facebook.php, line 422]
2010-04-20 16:27:01 Warning: Warning (2): include_once(jsonwrapper/jsonwrapper.php) [<a href='http://php.net/function.include-once'>function.include-once</a>]: failed to open stream: No such file or directory in [APP/vendors/facebook/facebookapi_php5_restlib.php, line 35]
2010-04-20 16:27:01 Warning: Warning (2): include_once() [<a href='http://php.net/function.include'>function.include</a>]: Failed opening 'jsonwrapper/jsonwrapper.php' for inclusion (include_path='/var/www/html/freesmsapi.com:/var/www/html/freesmsapi.com/app/:.:/usr/share/pear:/usr/share/php') in [APP/vendors/facebook/facebookapi_php5_restlib.php, line 35]
2010-04-20 16:27:02 Warning: Warning (2): Cannot modify header information - headers already sent by (output started at /var/www/html/freesmsapi.com/cake/basics.php:307) in [APP/vendors/facebook/facebook.php, line 418]
2010-04-20 16:27:02 Warning: Warning (2): Cannot modify header information - headers already sent by (output started at /var/www/html/freesmsapi.com/cake/basics.php:307) in [APP/vendors/facebook/facebook.php, line 422]
2010-04-20 16:27:35 Warning: Warning (2): include_once(jsonwrapper/jsonwrapper.php) [<a href='http://php.net/function.include-once'>function.include-once</a>]: failed to open stream: No such file or directory in [APP/vendors/facebook/facebookapi_php5_restlib.php, line 35]
2010-04-20 16:27:35 Warning: Warning (2): include_once() [<a href='http://php.net/function.include'>function.include</a>]: Failed opening 'jsonwrapper/jsonwrapper.php' for inclusion (include_path='/var/www/html/freesmsapi.com:/var/www/html/freesmsapi.com/app/:.:/usr/share/pear:/usr/share/php') in [APP/vendors/facebook/facebookapi_php5_restlib.php, line 35]
2010-04-20 16:27:44 Warning: Warning (2): include_once(jsonwrapper/jsonwrapper.php) [<a href='http://php.net/function.include-once'>function.include-once</a>]: failed to open stream: No such file or directory in [APP/vendors/facebook/facebookapi_php5_restlib.php, line 35]
2010-04-20 16:27:44 Warning: Warning (2): include_once() [<a href='http://php.net/function.include'>function.include</a>]: Failed opening 'jsonwrapper/jsonwrapper.php' for inclusion (include_path='/var/www/html/freesmsapi.com:/var/www/html/freesmsapi.com/app/:.:/usr/share/pear:/usr/share/php') in [APP/vendors/facebook/facebookapi_php5_restlib.php, line 35]
2010-04-20 16:28:29 Warning: Warning (2): include_once(jsonwrapper/jsonwrapper.php) [<a href='http://php.net/function.include-once'>function.include-once</a>]: failed to open stream: No such file or directory in [APP/vendors/facebook/facebookapi_php5_restlib.php, line 35]
2010-04-20 16:28:29 Warning: Warning (2): include_once() [<a href='http://php.net/function.include'>function.include</a>]: Failed opening 'jsonwrapper/jsonwrapper.php' for inclusion (include_path='/var/www/html/freesmsapi.com:/var/www/html/freesmsapi.com/app/:.:/usr/share/pear:/usr/share/php') in [APP/vendors/facebook/facebookapi_php5_restlib.php, line 35]
2010-04-20 16:29:58 Warning: Warning (2): include_once(jsonwrapper/jsonwrapper.php) [<a href='http://php.net/function.include-once'>function.include-once</a>]: failed to open stream: No such file or directory in [APP/vendors/facebook/facebookapi_php5_restlib.php, line 35]
2010-04-20 16:29:58 Warning: Warning (2): include_once() [<a href='http://php.net/function.include'>function.include</a>]: Failed opening 'jsonwrapper/jsonwrapper.php' for inclusion (include_path='/var/www/html/freesmsapi.com:/var/www/html/freesmsapi.com/app/:.:/usr/share/pear:/usr/share/php') in [APP/vendors/facebook/facebookapi_php5_restlib.php, line 35]
2010-04-20 16:30:09 Warning: Warning (2): include_once(jsonwrapper/jsonwrapper.php) [<a href='http://php.net/function.include-once'>function.include-once</a>]: failed to open stream: No such file or directory in [APP/vendors/facebook/facebookapi_php5_restlib.php, line 35]
2010-04-20 16:30:09 Warning: Warning (2): include_once() [<a href='http://php.net/function.include'>function.include</a>]: Failed opening 'jsonwrapper/jsonwrapper.php' for inclusion (include_path='/var/www/html/freesmsapi.com:/var/www/html/freesmsapi.com/app/:.:/usr/share/pear:/usr/share/php') in [APP/vendors/facebook/facebookapi_php5_restlib.php, line 35]
2010-04-20 16:30:18 Warning: Warning (2): include_once(jsonwrapper/jsonwrapper.php) [<a href='http://php.net/function.include-once'>function.include-once</a>]: failed to open stream: No such file or directory in [APP/vendors/facebook/facebookapi_php5_restlib.php, line 35]
2010-04-20 16:30:18 Warning: Warning (2): include_once() [<a href='http://php.net/function.include'>function.include</a>]: Failed opening 'jsonwrapper/jsonwrapper.php' for inclusion (include_path='/var/www/html/freesmsapi.com:/var/www/html/freesmsapi.com/app/:.:/usr/share/pear:/usr/share/php') in [APP/vendors/facebook/facebookapi_php5_restlib.php, line 35]
2010-04-24 13:44:46 Warning: Warning (2): array_merge_recursive() [<a href='http://php.net/function.array-merge-recursive'>function.array-merge-recursive</a>]: Argument #1 is not an array in [CORE/cake/libs/view/view.php, line 342]
2010-04-24 13:44:46 Warning: Warning (2): array_merge() [<a href='http://php.net/function.array-merge'>function.array-merge</a>]: Argument #2 is not an array in [CORE/cake/libs/view/view.php, line 343]
2010-04-24 13:44:46 Warning: Warning (2): extract() [<a href='http://php.net/function.extract'>function.extract</a>]: First argument should be an array in [CORE/cake/libs/view/view.php, line 662]
2010-04-24 13:44:46 Warning: Warning (2): Invalid argument supplied for foreach() in [APP/views/elements/feedback.ctp, line 3]
2010-04-24 15:44:14 Warning: Warning (2): array_merge_recursive() [<a href='http://php.net/function.array-merge-recursive'>function.array-merge-recursive</a>]: Argument #1 is not an array in [CORE/cake/libs/view/view.php, line 342]
2010-04-24 15:44:14 Warning: Warning (2): array_merge() [<a href='http://php.net/function.array-merge'>function.array-merge</a>]: Argument #2 is not an array in [CORE/cake/libs/view/view.php, line 343]
2010-04-24 15:44:14 Warning: Warning (2): extract() [<a href='http://php.net/function.extract'>function.extract</a>]: First argument should be an array in [CORE/cake/libs/view/view.php, line 662]
2010-04-24 15:44:14 Warning: Warning (2): Invalid argument supplied for foreach() in [APP/views/elements/feedback.ctp, line 3]
2010-04-24 15:59:24 Warning: Warning (2): array_merge_recursive() [<a href='http://php.net/function.array-merge-recursive'>function.array-merge-recursive</a>]: Argument #1 is not an array in [CORE/cake/libs/view/view.php, line 342]
2010-04-24 15:59:24 Warning: Warning (2): array_merge() [<a href='http://php.net/function.array-merge'>function.array-merge</a>]: Argument #2 is not an array in [CORE/cake/libs/view/view.php, line 343]
2010-04-24 15:59:24 Warning: Warning (2): extract() [<a href='http://php.net/function.extract'>function.extract</a>]: First argument should be an array in [CORE/cake/libs/view/view.php, line 662]
2010-04-24 15:59:24 Warning: Warning (2): Invalid argument supplied for foreach() in [APP/views/elements/feedback.ctp, line 3]
2010-04-24 18:17:25 Warning: Warning (2): fsockopen() [<a href='http://php.net/function.fsockopen'>function.fsockopen</a>]: php_network_getaddresses: getaddrinfo failed: Name or service not known in [APP/controllers/app_controller.php, line 311]
2010-04-24 18:17:25 Warning: Warning (2): fsockopen() [<a href='http://php.net/function.fsockopen'>function.fsockopen</a>]: unable to connect to smtp.palsanservices.com:25 (php_network_getaddresses: getaddrinfo failed: Name or service not known) in [APP/controllers/app_controller.php, line 311]
2010-04-24 18:17:25 Warning: Warning (2): fgets(): supplied argument is not a valid stream resource in [APP/controllers/app_controller.php, line 312]
2010-04-24 18:17:25 Warning: Warning (2): Cannot modify header information - headers already sent by (output started at /var/www/freesmsapi.com/cake/basics.php:109) in [CORE/cake/libs/controller/controller.php, line 647]
2010-04-24 18:20:26 Warning: Warning (2): fsockopen() [<a href='http://php.net/function.fsockopen'>function.fsockopen</a>]: php_network_getaddresses: getaddrinfo failed: Name or service not known in [APP/controllers/app_controller.php, line 311]
2010-04-24 18:20:26 Warning: Warning (2): fsockopen() [<a href='http://php.net/function.fsockopen'>function.fsockopen</a>]: unable to connect to smtp.palsanservices.com:25 (php_network_getaddresses: getaddrinfo failed: Name or service not known) in [APP/controllers/app_controller.php, line 311]
2010-04-24 18:20:26 Warning: Warning (2): fgets(): supplied argument is not a valid stream resource in [APP/controllers/app_controller.php, line 312]
2010-04-24 18:20:26 Warning: Warning (2): Cannot modify header information - headers already sent by (output started at /var/www/freesmsapi.com/cake/basics.php:109) in [CORE/cake/libs/controller/controller.php, line 647]
2010-04-24 18:49:36 Warning: Warning (2): array_merge_recursive() [<a href='http://php.net/function.array-merge-recursive'>function.array-merge-recursive</a>]: Argument #1 is not an array in [CORE/cake/libs/view/view.php, line 342]
2010-04-24 18:49:36 Warning: Warning (2): array_merge() [<a href='http://php.net/function.array-merge'>function.array-merge</a>]: Argument #2 is not an array in [CORE/cake/libs/view/view.php, line 343]
2010-04-24 18:49:36 Warning: Warning (2): extract() [<a href='http://php.net/function.extract'>function.extract</a>]: First argument should be an array in [CORE/cake/libs/view/view.php, line 662]
2010-04-24 18:49:36 Warning: Warning (2): Invalid argument supplied for foreach() in [APP/views/elements/feedback.ctp, line 3]
2010-04-25 18:31:28 Warning: Warning (2): Cannot modify header information - headers already sent by (output started at /var/www/freesmsapi.com/cake/basics.php:306) in [CORE/cake/libs/controller/controller.php, line 647]
2010-04-25 18:54:08 Warning: Warning (2): Cannot modify header information - headers already sent by (output started at /var/www/freesmsapi.com/cake/basics.php:306) in [CORE/cake/libs/controller/controller.php, line 647]
2010-04-26 13:14:43 Warning: Warning (2): mysqli_connect() [<a href='http://php.net/function.mysqli-connect'>function.mysqli-connect</a>]: (28000/1045): Access denied for user 'root'@'localhost' (using password: YES) in [CORE/cake/libs/model/datasources/dbo/dbo_mysqli.php, line 73]
2010-04-26 13:14:43 Warning: Warning (2): mysqli_get_server_info() expects parameter 1 to be mysqli, boolean given in [CORE/cake/libs/model/datasources/dbo/dbo_mysqli.php, line 79]
2010-04-26 13:14:43 Warning: Warning (2): mysqli_query() expects parameter 1 to be mysqli, boolean given in [CORE/cake/libs/model/datasources/dbo/dbo_mysqli.php, line 117]
2010-04-26 13:14:45 Warning: Warning (2): mysqli_connect() [<a href='http://php.net/function.mysqli-connect'>function.mysqli-connect</a>]: (28000/1045): Access denied for user 'root'@'localhost' (using password: YES) in [CORE/cake/libs/model/datasources/dbo/dbo_mysqli.php, line 73]
2010-04-26 13:14:45 Warning: Warning (2): mysqli_get_server_info() expects parameter 1 to be mysqli, boolean given in [CORE/cake/libs/model/datasources/dbo/dbo_mysqli.php, line 79]
2010-04-26 13:14:45 Warning: Warning (2): mysqli_query() expects parameter 1 to be mysqli, boolean given in [CORE/cake/libs/model/datasources/dbo/dbo_mysqli.php, line 117]
2010-04-26 16:15:09 Warning: Warning (2): array_merge_recursive() [<a href='http://php.net/function.array-merge-recursive'>function.array-merge-recursive</a>]: Argument #1 is not an array in [CORE/cake/libs/view/view.php, line 342]
2010-04-26 16:15:09 Warning: Warning (2): array_merge() [<a href='http://php.net/function.array-merge'>function.array-merge</a>]: Argument #2 is not an array in [CORE/cake/libs/view/view.php, line 343]
2010-04-26 16:15:09 Warning: Warning (2): extract() [<a href='http://php.net/function.extract'>function.extract</a>]: First argument should be an array in [CORE/cake/libs/view/view.php, line 662]
2010-04-26 16:15:09 Warning: Warning (2): Invalid argument supplied for foreach() in [APP/views/elements/feedback.ctp, line 3]
2010-04-26 16:15:19 Warning: Warning (2): array_merge_recursive() [<a href='http://php.net/function.array-merge-recursive'>function.array-merge-recursive</a>]: Argument #1 is not an array in [CORE/cake/libs/view/view.php, line 342]
2010-04-26 16:15:19 Warning: Warning (2): array_merge() [<a href='http://php.net/function.array-merge'>function.array-merge</a>]: Argument #2 is not an array in [CORE/cake/libs/view/view.php, line 343]
2010-04-26 16:15:19 Warning: Warning (2): extract() [<a href='http://php.net/function.extract'>function.extract</a>]: First argument should be an array in [CORE/cake/libs/view/view.php, line 662]
2010-04-26 16:15:19 Warning: Warning (2): Invalid argument supplied for foreach() in [APP/views/elements/feedback.ctp, line 3]
2010-04-26 16:18:54 Warning: Warning (2): array_merge_recursive() [<a href='http://php.net/function.array-merge-recursive'>function.array-merge-recursive</a>]: Argument #1 is not an array in [CORE/cake/libs/view/view.php, line 342]
2010-04-26 16:18:54 Warning: Warning (2): array_merge() [<a href='http://php.net/function.array-merge'>function.array-merge</a>]: Argument #2 is not an array in [CORE/cake/libs/view/view.php, line 343]
2010-04-26 16:18:54 Warning: Warning (2): extract() [<a href='http://php.net/function.extract'>function.extract</a>]: First argument should be an array in [CORE/cake/libs/view/view.php, line 662]
2010-04-26 16:18:54 Warning: Warning (2): Invalid argument supplied for foreach() in [APP/views/elements/feedback.ctp, line 3]
2010-04-26 16:19:18 Warning: Warning (2): array_merge_recursive() [<a href='http://php.net/function.array-merge-recursive'>function.array-merge-recursive</a>]: Argument #1 is not an array in [CORE/cake/libs/view/view.php, line 342]
2010-04-26 16:19:18 Warning: Warning (2): array_merge() [<a href='http://php.net/function.array-merge'>function.array-merge</a>]: Argument #2 is not an array in [CORE/cake/libs/view/view.php, line 343]
2010-04-26 16:19:18 Warning: Warning (2): extract() [<a href='http://php.net/function.extract'>function.extract</a>]: First argument should be an array in [CORE/cake/libs/view/view.php, line 662]
2010-04-26 16:19:18 Warning: Warning (2): Invalid argument supplied for foreach() in [APP/views/elements/feedback.ctp, line 3]
2010-04-27 14:55:49 Warning: Warning (512): <span style = "color:Red;text-align:left"><b>SQL Error:</b> 1054: Unknown column 'User.9699419699' in 'field list'</span> in [CORE/cake/libs/model/datasources/dbo_source.php, line 527]
2010-04-28 14:15:03 Warning: Warning (2): array_merge_recursive() [<a href='http://php.net/function.array-merge-recursive'>function.array-merge-recursive</a>]: Argument #1 is not an array in [CORE/cake/libs/view/view.php, line 342]
2010-04-28 14:15:03 Warning: Warning (2): array_merge_recursive() [<a href='http://php.net/function.array-merge-recursive'>function.array-merge-recursive</a>]: Argument #2 is not an array in [CORE/cake/libs/view/view.php, line 342]
2010-04-28 14:15:03 Warning: Warning (2): array_merge() [<a href='http://php.net/function.array-merge'>function.array-merge</a>]: Argument #2 is not an array in [CORE/cake/libs/view/view.php, line 343]
2010-04-28 14:15:03 Warning: Warning (2): extract() [<a href='http://php.net/function.extract'>function.extract</a>]: First argument should be an array in [CORE/cake/libs/view/view.php, line 662]
2010-04-28 14:15:03 Warning: Warning (2): Invalid argument supplied for foreach() in [APP/views/elements/feedback.ctp, line 3]
2010-04-28 20:24:10 Warning: Warning (2): Missing argument 3 for AdvertisersController::_sendRegistration(), called in /var/www/html/freesmsapi.com/app/controllers/advertisers_controller.php on line 61 and defined in [APP/controllers/advertisers_controller.php, line 89]
2010-04-28 20:24:10 Warning: Warning (2): Missing argument 4 for AdvertisersController::_sendRegistration(), called in /var/www/html/freesmsapi.com/app/controllers/advertisers_controller.php on line 61 and defined in [APP/controllers/advertisers_controller.php, line 89]
2010-04-28 20:33:11 Warning: Warning (2): array_merge_recursive() [<a href='http://php.net/function.array-merge-recursive'>function.array-merge-recursive</a>]: Argument #1 is not an array in [CORE/cake/libs/view/view.php, line 342]
2010-04-28 20:33:11 Warning: Warning (2): array_merge() [<a href='http://php.net/function.array-merge'>function.array-merge</a>]: Argument #2 is not an array in [CORE/cake/libs/view/view.php, line 343]
2010-04-28 20:33:11 Warning: Warning (2): extract() [<a href='http://php.net/function.extract'>function.extract</a>]: First argument should be an array in [CORE/cake/libs/view/view.php, line 662]
2010-04-28 20:33:11 Warning: Warning (2): Invalid argument supplied for foreach() in [APP/views/elements/feedback.ctp, line 3]
2010-04-29 13:14:37 Warning: Warning (512): <span style = "color:Red;text-align:left"><b>SQL Error:</b> 1064: You have an error in your SQL syntax; check the manual that corresponds to your MySQL server version for the right syntax to use near '`.`.`email = 'dilzfiesta@gmail.com'' at line 1</span> in [CORE/cake/libs/model/datasources/dbo_source.php, line 527]
2010-04-29 14:12:13 Warning: Warning (512): <span style = "color:Red;text-align:left"><b>SQL Error:</b> 1054: Unknown column 'AdvPlan.id' in 'field list'</span> in [CORE/cake/libs/model/datasources/dbo_source.php, line 527]
2010-04-29 14:13:56 Warning: Warning (512): <span style = "color:Red;text-align:left"><b>SQL Error:</b> 1054: Unknown column 'Advertiser.name' in 'where clause'</span> in [CORE/cake/libs/model/datasources/dbo_source.php, line 527]
2010-04-29 14:14:29 Warning: Warning (512): <span style = "color:Red;text-align:left"><b>SQL Error:</b> 1052: Column 'status' in where clause is ambiguous</span> in [CORE/cake/libs/model/datasources/dbo_source.php, line 527]
2010-04-29 14:14:42 Warning: Warning (512): <span style = "color:Red;text-align:left"><b>SQL Error:</b> 1054: Unknown column 'AdvPlan.advertiser_id' in 'on clause'</span> in [CORE/cake/libs/model/datasources/dbo_source.php, line 527]
2010-04-29 16:28:05 Warning: Warning (2): array_merge_recursive() [<a href='http://php.net/function.array-merge-recursive'>function.array-merge-recursive</a>]: Argument #1 is not an array in [CORE/cake/libs/view/view.php, line 342]
2010-04-29 16:28:05 Warning: Warning (2): array_merge() [<a href='http://php.net/function.array-merge'>function.array-merge</a>]: Argument #2 is not an array in [CORE/cake/libs/view/view.php, line 343]
2010-04-29 16:28:05 Warning: Warning (2): extract() [<a href='http://php.net/function.extract'>function.extract</a>]: First argument should be an array in [CORE/cake/libs/view/view.php, line 662]
2010-04-29 16:28:05 Warning: Warning (2): Invalid argument supplied for foreach() in [APP/views/elements/feedback.ctp, line 3]
2010-04-29 16:30:04 Warning: Warning (2): array_merge_recursive() [<a href='http://php.net/function.array-merge-recursive'>function.array-merge-recursive</a>]: Argument #1 is not an array in [CORE/cake/libs/view/view.php, line 342]
2010-04-29 16:30:04 Warning: Warning (2): array_merge() [<a href='http://php.net/function.array-merge'>function.array-merge</a>]: Argument #2 is not an array in [CORE/cake/libs/view/view.php, line 343]
2010-04-29 16:30:05 Warning: Warning (2): extract() [<a href='http://php.net/function.extract'>function.extract</a>]: First argument should be an array in [CORE/cake/libs/view/view.php, line 662]
2010-04-29 16:30:05 Warning: Warning (2): Invalid argument supplied for foreach() in [APP/views/elements/feedback.ctp, line 3]
2010-04-29 16:35:54 Warning: Warning (2): array_merge_recursive() [<a href='http://php.net/function.array-merge-recursive'>function.array-merge-recursive</a>]: Argument #1 is not an array in [CORE/cake/libs/view/view.php, line 342]
2010-04-29 16:35:54 Warning: Warning (2): array_merge() [<a href='http://php.net/function.array-merge'>function.array-merge</a>]: Argument #2 is not an array in [CORE/cake/libs/view/view.php, line 343]
2010-04-29 16:35:54 Warning: Warning (2): extract() [<a href='http://php.net/function.extract'>function.extract</a>]: First argument should be an array in [CORE/cake/libs/view/view.php, line 662]
2010-04-29 16:35:54 Warning: Warning (2): Invalid argument supplied for foreach() in [APP/views/elements/feedback.ctp, line 3]
2010-04-30 12:10:51 Warning: Warning (2): array_merge_recursive() [<a href='http://php.net/function.array-merge-recursive'>function.array-merge-recursive</a>]: Argument #1 is not an array in [CORE/cake/libs/view/view.php, line 342]
2010-04-30 12:10:51 Warning: Warning (2): array_merge() [<a href='http://php.net/function.array-merge'>function.array-merge</a>]: Argument #2 is not an array in [CORE/cake/libs/view/view.php, line 343]
2010-04-30 12:10:51 Warning: Warning (2): extract() [<a href='http://php.net/function.extract'>function.extract</a>]: First argument should be an array in [CORE/cake/libs/view/view.php, line 662]
2010-04-30 12:10:51 Warning: Warning (2): Invalid argument supplied for foreach() in [APP/views/elements/feedback.ctp, line 3]
2010-04-30 12:22:29 Warning: Warning (512): <span style = "color:Red;text-align:left"><b>SQL Error:</b> 1052: Column 'status' in where clause is ambiguous</span> in [CORE/cake/libs/model/datasources/dbo_source.php, line 527]
2010-04-30 14:13:48 Warning: Warning (512): <span style = "color:Red;text-align:left"><b>SQL Error:</b> 1052: Column 'id' in where clause is ambiguous</span> in [CORE/cake/libs/model/datasources/dbo_source.php, line 527]
2010-05-01 13:05:34 Warning: Warning (2): Missing argument 1 for AppController::checkAccess(), called in /var/www/html/freesmsapi.com/app/controllers/users_controller.php on line 266 and defined in [APP/controllers/app_controller.php, line 37]
2010-05-01 16:25:51 Warning: Warning (512): <span style = "color:Red;text-align:left"><b>SQL Error:</b> 1052: Column 'status' in where clause is ambiguous</span> in [CORE/cake/libs/model/datasources/dbo_source.php, line 527]
2010-05-01 16:25:51 Warning: Warning (2): Invalid argument supplied for foreach() in [APP/views/admins/changecategory.ctp, line 25]
2010-05-01 16:45:53 Warning: Warning (512): <span style = "color:Red;text-align:left"><b>SQL Error:</b> 1054: Unknown column 'Domain.plan_id' in 'where clause'</span> in [CORE/cake/libs/model/datasources/dbo_source.php, line 527]
2010-05-01 16:45:53 Warning: Warning (2): Invalid argument supplied for foreach() in [APP/views/admins/changecategory.ctp, line 30]
2010-05-01 16:45:53 Warning: Warning (2): Invalid argument supplied for foreach() in [APP/views/admins/changecategory.ctp, line 56]
2010-05-02 16:08:40 Warning: Warning (2): mysqli_connect() [<a href='http://php.net/function.mysqli-connect'>function.mysqli-connect</a>]: (28000/1045): Access denied for user 'root'@'localhost' (using password: NO) in [CORE/cake/libs/model/datasources/dbo/dbo_mysqli.php, line 73]
2010-05-02 16:08:40 Warning: Warning (2): mysqli_get_server_info() expects parameter 1 to be mysqli, boolean given in [CORE/cake/libs/model/datasources/dbo/dbo_mysqli.php, line 79]
2010-05-02 16:08:40 Warning: Warning (2): mysqli_query() expects parameter 1 to be mysqli, boolean given in [CORE/cake/libs/model/datasources/dbo/dbo_mysqli.php, line 117]
2010-05-02 16:08:40 Warning: Warning (2): mysqli_connect() [<a href='http://php.net/function.mysqli-connect'>function.mysqli-connect</a>]: (28000/1045): Access denied for user 'root'@'localhost' (using password: NO) in [CORE/cake/libs/model/datasources/dbo/dbo_mysqli.php, line 73]
2010-05-02 16:08:40 Warning: Warning (2): mysqli_get_server_info() expects parameter 1 to be mysqli, boolean given in [CORE/cake/libs/model/datasources/dbo/dbo_mysqli.php, line 79]
2010-05-02 16:08:40 Warning: Warning (2): mysqli_query() expects parameter 1 to be mysqli, boolean given in [CORE/cake/libs/model/datasources/dbo/dbo_mysqli.php, line 117]
2010-05-04 12:27:50 Warning: Warning (2): Invalid argument supplied for foreach() in [APP/controllers/messages_controller.php, line 207]
2010-05-04 18:27:45 Warning: Warning (2): Missing argument 4 for AppController::sendSMS(), called in /var/www/freesmsapi.com/app/controllers/users_controller.php on line 558 and defined in [APP/controllers/app_controller.php, line 271]
2010-05-04 18:27:45 Warning: Warning (2): Cannot modify header information - headers already sent by (output started at /var/www/freesmsapi.com/cake/basics.php:109) in [CORE/cake/libs/controller/controller.php, line 647]
2010-05-08 12:50:29 Warning: Warning (2): mysqli_connect() [<a href='http://php.net/function.mysqli-connect'>function.mysqli-connect</a>]: (28000/1045): Access denied for user 'root'@'localhost' (using password: NO) in [CORE/cake/libs/model/datasources/dbo/dbo_mysqli.php, line 73]
2010-05-08 12:50:29 Warning: Warning (2): mysqli_get_server_info() expects parameter 1 to be mysqli, boolean given in [CORE/cake/libs/model/datasources/dbo/dbo_mysqli.php, line 79]
2010-05-08 12:50:29 Warning: Warning (2): mysqli_query() expects parameter 1 to be mysqli, boolean given in [CORE/cake/libs/model/datasources/dbo/dbo_mysqli.php, line 117]
2010-05-08 12:50:31 Warning: Warning (2): mysqli_connect() [<a href='http://php.net/function.mysqli-connect'>function.mysqli-connect</a>]: (28000/1045): Access denied for user 'root'@'localhost' (using password: NO) in [CORE/cake/libs/model/datasources/dbo/dbo_mysqli.php, line 73]
2010-05-08 12:50:31 Warning: Warning (2): mysqli_get_server_info() expects parameter 1 to be mysqli, boolean given in [CORE/cake/libs/model/datasources/dbo/dbo_mysqli.php, line 79]
2010-05-08 12:50:31 Warning: Warning (2): mysqli_query() expects parameter 1 to be mysqli, boolean given in [CORE/cake/libs/model/datasources/dbo/dbo_mysqli.php, line 117]
2010-05-08 13:22:24 Warning: Warning (512): <span style = "color:Red;text-align:left"><b>SQL Error:</b> 1048: Column 'adv_content_id' cannot be null</span> in [CORE/cake/libs/model/datasources/dbo_source.php, line 527]
2010-05-08 13:25:42 Warning: Warning (512): <span style = "color:Red;text-align:left"><b>SQL Error:</b> 1054: Unknown column 'Domain.plan_id' in 'where clause'</span> in [CORE/cake/libs/model/datasources/dbo_source.php, line 527]
2010-05-08 13:25:42 Warning: Warning (2): Invalid argument supplied for foreach() in [APP/views/admins/changecategory.ctp, line 30]
2010-05-08 13:25:42 Warning: Warning (2): Invalid argument supplied for foreach() in [APP/views/admins/changecategory.ctp, line 56]
2010-05-08 14:41:09 Warning: Warning (2): file_get_contents(http://...@fsa5p_&amp;senderid=Gyrodev&amp;message=mymessage%5Cr%5Cn40%25+discount+on+spykar+jeans-freesmsapi.com&amp;dest_mobileno=9699419699&amp;response=Y) [<a href='http://php.net/function.file-get-contents'>function.file-get-contents</a>]: failed to open stream: HTTP request failed!  in [APP/controllers/app_controller.php, line 286]
2010-05-08 14:46:34 Warning: Warning (2): file_get_contents(http://...@fsa5p_&amp;senderid=Gyrodev&amp;message=mymessage%5Cr%5Cn40%25+discount+on+spykar+jeans-freesmsapi.com&amp;dest_mobileno=9699419699&amp;response=Y) [<a href='http://php.net/function.file-get-contents'>function.file-get-contents</a>]: failed to open stream: HTTP request failed!  in [APP/controllers/app_controller.php, line 286]
2010-05-08 20:24:39 Warning: Warning (512): Controller::paginate() - can't find model  in controller UsersController in [CORE/cake/libs/controller/controller.php, line 982]
2010-05-08 22:30:09 Warning: Warning (2): file_get_contents(http://...@fsa10p_) [<a href='http://php.net/function.file-get-contents'>function.file-get-contents</a>]: failed to open stream: Network is unreachable in [APP/controllers/admins_controller.php, line 15]
2010-05-08 22:30:09 Warning: Warning (2): file_get_contents(http://...@fsa5p_) [<a href='http://php.net/function.file-get-contents'>function.file-get-contents</a>]: failed to open stream: Network is unreachable in [APP/controllers/admins_controller.php, line 16]
2010-05-08 22:30:09 Warning: Warning (2): file_get_contents(http://...@fsa5p_&amp;senderid=Gyrodev&amp;message=No+availability+for+equested+Please+dial+bobo+momo+No+availability+for+dates+requested+Please+dial.%5Cn%5Cn-freesmsapi.com&amp;dest_mobileno=9773658714&amp;response=Y) [<a href='http://php.net/function.file-get-contents'>function.file-get-contents</a>]: failed to open stream: Network is unreachable in [APP/controllers/app_controller.php, line 286]
2010-05-08 22:45:41 Warning: Warning (512): <span style = "color:Red;text-align:left"><b>SQL Error:</b> 1054: Unknown column 'fields' in 'where clause'</span> in [CORE/cake/libs/model/datasources/dbo_source.php, line 527]
2010-05-08 22:45:59 Warning: Warning (512): <span style = "color:Red;text-align:left"><b>SQL Error:</b> 1054: Unknown column 'feilds' in 'where clause'</span> in [CORE/cake/libs/model/datasources/dbo_source.php, line 527]
2010-05-08 22:46:07 Warning: Warning (512): <span style = "color:Red;text-align:left"><b>SQL Error:</b> 1054: Unknown column 'field' in 'where clause'</span> in [CORE/cake/libs/model/datasources/dbo_source.php, line 527]
2010-05-08 22:46:12 Warning: Warning (512): <span style = "color:Red;text-align:left"><b>SQL Error:</b> 1054: Unknown column 'fields' in 'where clause'</span> in [CORE/cake/libs/model/datasources/dbo_source.php, line 527]
2010-05-08 22:47:21 Warning: Warning (512): <span style = "color:Red;text-align:left"><b>SQL Error:</b> 1054: Unknown column 'conditions' in 'where clause'</span> in [CORE/cake/libs/model/datasources/dbo_source.php, line 527]
2010-05-08 22:47:35 Warning: Warning (512): <span style = "color:Red;text-align:left"><b>SQL Error:</b> 1054: Unknown column 'conditions' in 'where clause'</span> in [CORE/cake/libs/model/datasources/dbo_source.php, line 527]
2010-05-08 22:47:43 Warning: Warning (512): <span style = "color:Red;text-align:left"><b>SQL Error:</b> 1054: Unknown column 'conditions' in 'where clause'</span> in [CORE/cake/libs/model/datasources/dbo_source.php, line 527]
2010-05-08 23:59:38 Warning: Warning (2): file_get_contents(http://...@fsa5p_&amp;senderid=Gyrodev&amp;message=No+availability+for+equested+Please+dial+bobo+momo+No+availability+for+dates+requested+Please+dial.%5Cn%5Cn-freesmsapi.com&amp;dest_mobileno=9773658714&amp;response=Y) [<a href='http://php.net/function.file-get-contents'>function.file-get-contents</a>]: failed to open stream: Network is unreachable in [APP/controllers/app_controller.php, line 286]
2010-05-08 23:59:51 Warning: Warning (2): file_get_contents(http://...@fsa5p_&amp;senderid=Gyrodev&amp;message=No+availability+for+equested+Please+dial+bobo+momo+No+availability+for+dates+requested+Please+dial.%5Cn%5Cn-freesmsapi.com&amp;dest_mobileno=9773658714&amp;response=Y) [<a href='http://php.net/function.file-get-contents'>function.file-get-contents</a>]: failed to open stream: Network is unreachable in [APP/controllers/app_controller.php, line 286]
2010-05-08 23:59:59 Warning: Warning (2): file_get_contents(http://...@fsa5p_&amp;senderid=Gyrodev&amp;message=No+availability+for+equested+Please+dial+bobo+momo+No+availability+for+dates+requested+Please+dial.%5Cn%5Cn-freesmsapi.com&amp;dest_mobileno=9773658714&amp;response=Y) [<a href='http://php.net/function.file-get-contents'>function.file-get-contents</a>]: failed to open stream: Network is unreachable in [APP/controllers/app_controller.php, line 286]
2010-05-09 00:01:04 Warning: Warning (2): file_get_contents(http://...@fsa5p_&amp;senderid=Gyrodev&amp;message=No+availability+for+equested+Please+dial+bobo+momo+No+availability+for+dates+requested+Please+dial.%5Cn%5Cn-freesmsapi.com&amp;dest_mobileno=9773658714&amp;response=Y) [<a href='http://php.net/function.file-get-contents'>function.file-get-contents</a>]: failed to open stream: Network is unreachable in [APP/controllers/app_controller.php, line 286]
2010-05-09 00:01:21 Warning: Warning (2): file_get_contents(http://...@fsa5p_&amp;senderid=Gyrodev&amp;message=No+availability+for+equested+Please+dial+bobo+momo+No+availability+for+dates+requested+Please+dial.%5Cn%5Cn-freesmsapi.com&amp;dest_mobileno=9773658714&amp;response=Y) [<a href='http://php.net/function.file-get-contents'>function.file-get-contents</a>]: failed to open stream: Network is unreachable in [APP/controllers/app_controller.php, line 286]
2010-05-09 16:56:13 Warning: Warning (512): <span style = "color:Red;text-align:left"><b>SQL Error:</b> 1146: Table 'devfreesmsapi.S1_log' doesn't exist</span> in [CORE/cake/libs/model/datasources/dbo_source.php, line 527]
2010-05-09 16:56:13 Warning: Warning (2): Invalid argument supplied for foreach() in [CORE/cake/libs/model/datasources/dbo/dbo_mysql.php, line 102]
2010-05-09 16:56:13 Warning: Warning (2): array_keys() [<a href='http://php.net/function.array-keys'>function.array-keys</a>]: The first argument should be an array in [CORE/cake/libs/model/datasources/dbo_source.php, line 1683]
2010-05-09 16:56:13 Warning: Warning (2): array_filter() [<a href='http://php.net/function.array-filter'>function.array-filter</a>]: The first argument should be an array in [CORE/cake/libs/model/datasources/dbo_source.php, line 1687]
2010-05-09 16:56:13 Warning: Warning (2): array_values() [<a href='http://php.net/function.array-values'>function.array-values</a>]: The argument should be an array in [CORE/cake/libs/model/datasources/dbo_source.php, line 1687]
2010-05-09 16:56:13 Warning: Warning (2): array_unique() [<a href='http://php.net/function.array-unique'>function.array-unique</a>]: The argument should be an array in [CORE/cake/libs/model/datasources/dbo_source.php, line 1751]
2010-05-09 16:56:13 Warning: Warning (2): array_unique() [<a href='http://php.net/function.array-unique'>function.array-unique</a>]: The argument should be an array in [CORE/cake/libs/model/datasources/dbo_source.php, line 1062]
2010-05-09 16:56:13 Warning: Warning (2): implode() [<a href='http://php.net/function.implode'>function.implode</a>]: Invalid arguments passed in [CORE/cake/libs/model/datasources/dbo_source.php, line 1275]
2010-05-09 16:56:13 Warning: Warning (512): <span style = "color:Red;text-align:left"><b>SQL Error:</b> 1064: You have an error in your SQL syntax; check the manual that corresponds to your MySQL server version for the right syntax to use near 'FROM `S1_log` AS `Message`   WHERE `created` = '2010-05-09' AND `response_status' at line 1</span> in [CORE/cake/libs/model/datasources/dbo_source.php, line 527]
2010-05-09 16:56:13 Warning: Warning (512): <span style = "color:Red;text-align:left"><b>SQL Error:</b> 1146: Table 'devfreesmsapi.S2_log' doesn't exist</span> in [CORE/cake/libs/model/datasources/dbo_source.php, line 527]
2010-05-09 16:56:13 Warning: Warning (512): <span style = "color:Red;text-align:left"><b>SQL Error:</b> 1064: You have an error in your SQL syntax; check the manual that corresponds to your MySQL server version for the right syntax to use near 'FROM `S2_log` AS `Message`   WHERE `created` = '2010-05-09' AND `response_status' at line 1</span> in [CORE/cake/libs/model/datasources/dbo_source.php, line 527]
2010-05-09 16:56:13 Warning: Warning (512): <span style = "color:Red;text-align:left"><b>SQL Error:</b> 1146: Table 'devfreesmsapi.S3_log' doesn't exist</span> in [CORE/cake/libs/model/datasources/dbo_source.php, line 527]
2010-05-09 16:56:13 Warning: Warning (512): <span style = "color:Red;text-align:left"><b>SQL Error:</b> 1064: You have an error in your SQL syntax; check the manual that corresponds to your MySQL server version for the right syntax to use near 'FROM `S3_log` AS `Message`   WHERE `created` = '2010-05-09' AND `response_status' at line 1</span> in [CORE/cake/libs/model/datasources/dbo_source.php, line 527]
2010-05-09 18:09:14 Warning: Warning (512): <span style = "color:Red;text-align:left"><b>SQL Error:</b> 1064: You have an error in your SQL syntax; check the manual that corresponds to your MySQL server version for the right syntax to use near 'getSource' at line 1</span> in [CORE/cake/libs/model/datasources/dbo_source.php, line 527]
2010-05-09 20:25:31 Warning: Warning (512): <span style = "color:Red;text-align:left"><b>SQL Error:</b> 1054: Unknown column 'Plan.domain_id' in 'on clause'</span> in [CORE/cake/libs/model/datasources/dbo_source.php, line 527]
2010-05-09 20:26:13 Warning: Warning (512): <span style = "color:Red;text-align:left"><b>SQL Error:</b> 1054: Unknown column 'Domain.domain_id' in 'on clause'</span> in [CORE/cake/libs/model/datasources/dbo_source.php, line 527]
2010-05-09 20:30:05 Warning: Warning (512): <span style = "color:Red;text-align:left"><b>SQL Error:</b> 1054: Unknown column 'Domain.domain_id' in 'on clause'</span> in [CORE/cake/libs/model/datasources/dbo_source.php, line 527]
2010-05-10 15:21:27 Warning: Warning (2): Missing argument 1 for AdminsController::removeupgrade(), called in /var/www/html/freesmsapi.com/cake/libs/object.php on line 116 and defined in [APP/controllers/admins_controller.php, line 90]
2010-05-10 15:45:56 Warning: Warning (512): <span style = "color:Red;text-align:left"><b>SQL Error:</b> 1054: Unknown column 'approve' in 'where clause'</span> in [CORE/cake/libs/model/datasources/dbo_source.php, line 527]
2010-05-10 15:45:56 Warning: Warning (2): Invalid argument supplied for foreach() in [APP/controllers/admins_controller.php, line 81]
2010-05-10 16:53:33 Warning: Warning (2): array_merge_recursive() [<a href='http://php.net/function.array-merge-recursive'>function.array-merge-recursive</a>]: Argument #1 is not an array in [CORE/cake/libs/view/view.php, line 342]
2010-05-10 16:53:33 Warning: Warning (2): array_merge() [<a href='http://php.net/function.array-merge'>function.array-merge</a>]: Argument #2 is not an array in [CORE/cake/libs/view/view.php, line 343]
2010-05-10 16:53:33 Warning: Warning (2): extract() [<a href='http://php.net/function.extract'>function.extract</a>]: First argument should be an array in [CORE/cake/libs/view/view.php, line 662]
2010-05-10 17:03:23 Warning: Warning (2): array_merge_recursive() [<a href='http://php.net/function.array-merge-recursive'>function.array-merge-recursive</a>]: Argument #1 is not an array in [CORE/cake/libs/view/view.php, line 342]
2010-05-10 17:03:23 Warning: Warning (2): array_merge() [<a href='http://php.net/function.array-merge'>function.array-merge</a>]: Argument #2 is not an array in [CORE/cake/libs/view/view.php, line 343]
2010-05-10 17:03:23 Warning: Warning (2): extract() [<a href='http://php.net/function.extract'>function.extract</a>]: First argument should be an array in [CORE/cake/libs/view/view.php, line 662]
2010-05-10 17:03:23 Warning: Warning (2): Invalid argument supplied for foreach() in [APP/views/elements/feedback.ctp, line 3]
2010-05-11 17:58:15 Warning: Warning (2): array_merge_recursive() [<a href='http://php.net/function.array-merge-recursive'>function.array-merge-recursive</a>]: Argument #1 is not an array in [CORE/cake/libs/view/view.php, line 342]
2010-05-11 17:58:15 Warning: Warning (2): array_merge() [<a href='http://php.net/function.array-merge'>function.array-merge</a>]: Argument #2 is not an array in [CORE/cake/libs/view/view.php, line 343]
2010-05-11 17:58:15 Warning: Warning (2): extract() [<a href='http://php.net/function.extract'>function.extract</a>]: First argument should be an array in [CORE/cake/libs/view/view.php, line 662]
2010-05-11 17:58:15 Warning: Warning (2): Invalid argument supplied for foreach() in [APP/views/elements/feedback.ctp, line 3]
2010-05-11 17:59:49 Warning: Warning (2): array_merge_recursive() [<a href='http://php.net/function.array-merge-recursive'>function.array-merge-recursive</a>]: Argument #1 is not an array in [CORE/cake/libs/view/view.php, line 342]
2010-05-11 17:59:49 Warning: Warning (2): array_merge() [<a href='http://php.net/function.array-merge'>function.array-merge</a>]: Argument #2 is not an array in [CORE/cake/libs/view/view.php, line 343]
2010-05-11 17:59:49 Warning: Warning (2): extract() [<a href='http://php.net/function.extract'>function.extract</a>]: First argument should be an array in [CORE/cake/libs/view/view.php, line 662]
2010-05-11 17:59:49 Warning: Warning (2): Invalid argument supplied for foreach() in [APP/views/elements/feedback.ctp, line 3]
2010-05-11 18:00:20 Warning: Warning (2): array_merge_recursive() [<a href='http://php.net/function.array-merge-recursive'>function.array-merge-recursive</a>]: Argument #1 is not an array in [CORE/cake/libs/view/view.php, line 342]
2010-05-11 18:00:20 Warning: Warning (2): array_merge() [<a href='http://php.net/function.array-merge'>function.array-merge</a>]: Argument #2 is not an array in [CORE/cake/libs/view/view.php, line 343]
2010-05-11 18:00:20 Warning: Warning (2): extract() [<a href='http://php.net/function.extract'>function.extract</a>]: First argument should be an array in [CORE/cake/libs/view/view.php, line 662]
2010-05-11 18:00:20 Warning: Warning (2): Invalid argument supplied for foreach() in [APP/views/elements/feedback.ctp, line 3]
2010-05-13 17:56:37 Warning: Warning (2): array_merge_recursive() [<a href='http://php.net/function.array-merge-recursive'>function.array-merge-recursive</a>]: Argument #1 is not an array in [CORE/cake/libs/view/view.php, line 342]
2010-05-13 17:56:37 Warning: Warning (2): array_merge() [<a href='http://php.net/function.array-merge'>function.array-merge</a>]: Argument #2 is not an array in [CORE/cake/libs/view/view.php, line 343]
2010-05-13 17:56:37 Warning: Warning (2): extract() [<a href='http://php.net/function.extract'>function.extract</a>]: First argument should be an array in [CORE/cake/libs/view/view.php, line 662]
2010-05-13 17:57:04 Warning: Warning (2): array_merge_recursive() [<a href='http://php.net/function.array-merge-recursive'>function.array-merge-recursive</a>]: Argument #1 is not an array in [CORE/cake/libs/view/view.php, line 342]
2010-05-13 17:57:04 Warning: Warning (2): array_merge() [<a href='http://php.net/function.array-merge'>function.array-merge</a>]: Argument #2 is not an array in [CORE/cake/libs/view/view.php, line 343]
2010-05-13 17:57:05 Warning: Warning (2): extract() [<a href='http://php.net/function.extract'>function.extract</a>]: First argument should be an array in [CORE/cake/libs/view/view.php, line 662]
2010-05-13 18:46:48 Warning: Warning (2): preg_match() expects parameter 2 to be string, array given in [CORE/cake/libs/model/datasources/dbo_source.php, line 1698]
2010-05-13 18:46:48 Warning: Warning (2): preg_match() expects parameter 2 to be string, array given in [CORE/cake/libs/model/datasources/dbo_source.php, line 1700]
2010-05-13 18:46:49 Warning: Warning (512): <span style = "color:Red;text-align:left"><b>SQL Error:</b> 1054: Unknown column 'Domain.Array' in 'field list'</span> in [CORE/cake/libs/model/datasources/dbo_source.php, line 527]
2010-05-13 21:23:21 Warning: Warning (2): Invalid argument supplied for foreach() in [APP/controllers/crons_controller.php, line 112]
2010-05-13 21:25:31 Warning: Warning (2): Invalid argument supplied for foreach() in [APP/controllers/crons_controller.php, line 112]
2010-05-14 12:56:03 Warning: Warning (2): Missing argument 1 for UsersController::registrationComplete(), called in /var/www/freesmsapi.com/cake/libs/object.php on line 116 and defined in [APP/controllers/users_controller.php, line 589]
2010-05-14 12:56:04 Warning: Warning (2): Missing argument 2 for UsersController::registrationComplete(), called in /var/www/freesmsapi.com/cake/libs/object.php on line 116 and defined in [APP/controllers/users_controller.php, line 589]
2010-05-18 18:07:26 Warning: Warning (2): file_get_contents(http://...@fsa10p_) [<a href='http://php.net/function.file-get-contents'>function.file-get-contents</a>]: failed to open stream: Connection timed out in [APP/controllers/admins_controller.php, line 23]
2010-05-18 18:08:26 Warning: Warning (2): file_get_contents(http://...@fsa5p_) [<a href='http://php.net/function.file-get-contents'>function.file-get-contents</a>]: failed to open stream: Connection timed out in [APP/controllers/admins_controller.php, line 24]
2010-05-18 18:10:00 Warning: Warning (2): file_get_contents(http://...@fsa10p_) [<a href='http://php.net/function.file-get-contents'>function.file-get-contents</a>]: failed to open stream: Connection timed out in [APP/controllers/admins_controller.php, line 23]
2010-05-18 18:10:52 Warning: Warning (2): Invalid argument supplied for foreach() in [APP/views/admins/changecategory.ctp, line 30]
2010-05-18 18:10:52 Warning: Warning (2): Invalid argument supplied for foreach() in [APP/views/admins/changecategory.ctp, line 56]
2010-05-18 12:41:27 Warning: Warning (2): Invalid argument supplied for foreach() in [APP/views/admins/changecategory.ctp, line 30]
2010-05-18 12:41:27 Warning: Warning (2): Invalid argument supplied for foreach() in [APP/views/admins/changecategory.ctp, line 56]
2010-05-18 18:11:40 Warning: Warning (2): Invalid argument supplied for foreach() in [APP/views/admins/changecategory.ctp, line 30]
2010-05-18 18:11:40 Warning: Warning (2): Invalid argument supplied for foreach() in [APP/views/admins/changecategory.ctp, line 56]
2010-05-20 14:43:03 Warning: Warning (2): Invalid argument supplied for foreach() in [APP/views/admins/view.ctp, line 68]
2010-05-21 00:46:07 Warning: Warning (2): Missing argument 1 for MessagesController::send(), called in /var/www/freesmsapi.com/cake/libs/object.php on line 116 and defined in [APP/controllers/messages_controller.php, line 30]
2010-05-21 00:46:07 Warning: Warning (2): Missing argument 2 for MessagesController::send(), called in /var/www/freesmsapi.com/cake/libs/object.php on line 116 and defined in [APP/controllers/messages_controller.php, line 30]
2010-05-21 00:46:07 Warning: Warning (2): Missing argument 3 for MessagesController::send(), called in /var/www/freesmsapi.com/cake/libs/object.php on line 116 and defined in [APP/controllers/messages_controller.php, line 30]
2010-05-21 00:57:07 Warning: Warning (2): Invalid argument supplied for foreach() in [APP/views/messages/sendnow.ctp, line 7]
